5 -7 95.728
-1 -7 94.8769
5 -1 96.3808
-1 -1 96.0916
11 -7 96.0172
11 -1 96.8931
5 -13 94.8934
-1 -13 85.7214
11 -13 95.9098
-3 -7 85.7214
-3 -1 95.6949
-3 -13 85.7214
5 1 97.4715
-1 1 96.4056
11 1 98.3226
-3 1 96.1163
9 -7 95.8767
9 -1 96.6039
9 -13 95.8354
9 1 98.5044
5 -11 95.6453
-1 -11 85.7214
11 -11 95.8271
-3 -11 85.7214
9 -11 95.8932
3 -7 95.761
3 -1 96.2816
3 -13 85.7214
3 1 96.7691
3 -11 94.8934
5 -5 95.9015
-1 -5 95.4553
11 -5 96.199
-3 -5 94.8108
9 -5 96.1163
3 -5 95.761
15 -7 96.1742
15 -1 98.1325
15 -13 95.8519
15 1 98.43
15 -11 95.7941
15 -5 96.3147
5 -15 85.7214
-1 -15 85.7214
11 -15 95.8437
-3 -15 85.7214
9 -15 95.6536
3 -15 85.7214
15 -15 95.9263
-5 -7 85.7214
-5 -1 95.3479
-5 -13 85.7214
-5 1 95.6536
-5 -11 85.7214
-5 -5 85.7214
-5 -15 85.7214
5 3 98.8845
-1 3 97.0997
11 3 98.8514
-3 3 96.2155
9 3 98.8514
3 3 98.9423
15 3 98.8514
-5 3 95.4057
7 -7 95.7776
7 -1 96.4964
7 -13 95.6453
7 1 98.2978
7 -11 95.8271
7 -5 96.0585
7 -15 94.8934
7 3 98.8514
5 -9 95.8189
-1 -9 85.7214
11 -9 95.7858
-3 -9 85.7214
9 -9 95.7197
3 -9 95.6206
15 -9 96.0172
-5 -9 85.7214
7 -9 95.7941
1 -7 95.5379
1 -1 96.232
1 -13 85.7214
1 1 96.546
1 -11 85.7214
1 -5 95.6536
1 -15 85.7214
1 3 98.2895
1 -9 94.8934
5 -3 96.1494
-1 -3 95.6619
11 -3 96.3147
-3 -3 95.3809
9 -3 96.2981
3 -3 96.0255
15 -3 96.5212
-5 -3 94.6703
7 -3 96.2238
1 -3 95.885
13 -7 96.199
13 -1 97.645
13 -13 95.9263
13 1 98.43
13 -11 95.7445
13 -5 96.2486
13 -15 95.9015
13 3 98.8514
13 -9 95.8767
13 -3 96.4469
