5 -7 97.7689
-1 -7 97.1441
5 -1 97.5457
-1 -1 97.8581
11 -7 97.635
11 -1 97.5457
5 -13 97.1441
-1 -13 55.9125
11 -13 97.7242
-3 -7 96.4302
-3 -1 97.635
-3 -13 55.9125
5 1 97.5457
-1 1 97.5904
11 1 97.278
-3 1 97.8135
9 -7 97.635
9 -1 97.4119
9 -13 97.6796
9 1 97.4565
5 -11 97.4565
-1 -11 55.9125
11 -11 97.5904
-3 -11 55.9125
9 -11 97.7242
3 -7 97.6796
3 -1 97.6796
3 -13 96.4302
3 1 97.4565
3 -11 97.1441
5 -5 97.5904
-1 -5 97.4119
11 -5 97.5457
-3 -5 97.1441
9 -5 97.635
3 -5 97.7689
15 -7 97.5457
15 -1 97.278
15 -13 97.6796
15 1 96.6979
15 -11 97.635
15 -5 97.4119
5 -15 96.4302
-1 -15 55.9125
11 -15 97.6796
-3 -15 55.9125
9 -15 97.4565
3 -15 55.9125
15 -15 97.5904
-5 -7 55.9125
-5 -1 97.5011
-5 -13 55.9125
-5 1 97.6796
-5 -11 55.9125
-5 -5 96.3855
-5 -15 55.9125
5 3 97.1441
-1 3 97.6796
11 3 96.2071
-3 3 97.5457
9 3 96.4302
3 3 97.5904
15 3 95.9393
-5 3 97.4119
7 -7 97.5904
7 -1 97.3672
7 -13 97.4565
7 1 97.3672
7 -11 97.6796
7 -5 97.635
7 -15 97.1441
7 3 96.9656
5 -9 97.6796
-1 -9 96.4302
11 -9 97.635
-3 -9 55.9125
9 -9 97.5904
3 -9 97.4565
15 -9 97.635
-5 -9 55.9125
7 -9 97.7242
1 -7 97.4119
1 -1 97.7242
1 -13 55.9125
1 1 97.6796
1 -11 96.4302
1 -5 97.6796
1 -15 55.9125
1 3 97.5011
1 -9 97.1441
5 -3 97.7242
-1 -3 97.7689
11 -3 97.4565
-3 -3 97.5011
9 -3 97.5457
3 -3 97.6796
15 -3 97.5457
-5 -3 97.1441
7 -3 97.635
1 -3 97.8135
13 -7 97.635
13 -1 97.2334
13 -13 97.5904
13 1 96.8318
13 -11 97.6796
13 -5 97.5457
13 -15 97.7242
13 3 96.2071
13 -9 97.635
13 -3 97.4119
