5 -7 96.4386
-1 -7 95.7445
5 -1 96.7691
-1 -1 96.5212
11 -7 96.6534
11 -1 97.1244
5 -13 95.7445
-1 -13 85.7214
11 -13 96.4882
-3 -7 94.786
-3 -1 96.3477
-3 -13 85.7214
5 1 97.2319
-1 1 96.7774
11 1 98.083
-3 1 96.5378
9 -7 96.546
9 -1 96.8683
9 -13 96.513
9 1 97.802
5 -11 96.3808
-1 -11 85.7214
11 -11 96.4799
-3 -11 85.7214
9 -11 96.4882
3 -7 96.4882
3 -1 96.7443
3 -13 94.786
3 1 97.1244
3 -11 95.7445
5 -5 96.5543
-1 -5 96.3312
11 -5 96.7278
-3 -5 95.6867
9 -5 96.6948
3 -5 96.4551
15 -7 96.7113
15 -1 97.3145
15 -13 96.4799
15 1 98.4631
15 -11 96.4717
15 -5 96.7609
5 -15 94.786
-1 -15 85.7214
11 -15 96.513
-3 -15 85.7214
9 -15 96.3808
3 -15 85.7214
15 -15 96.513
-5 -7 85.7214
-5 -1 96.1659
-5 -13 85.7214
-5 1 96.3147
-5 -11 85.7214
-5 -5 94.7612
-5 -15 85.7214
5 3 98.5374
-1 3 97.1575
11 3 98.7027
-3 3 96.9922
9 3 98.7275
3 3 97.9838
15 3 98.4796
-5 3 96.546
7 -7 96.4634
7 -1 96.8765
7 -13 96.3808
7 1 97.488
7 -11 96.5047
7 -5 96.67
7 -15 95.7445
7 3 98.7523
5 -9 96.4799
-1 -9 94.7777
11 -9 96.4717
-3 -9 85.7214
9 -9 96.4221
3 -9 96.3808
15 -9 96.6204
-5 -9 85.7214
7 -9 96.4717
1 -7 96.3477
1 -1 96.6534
1 -13 85.7214
1 1 96.9592
1 -11 94.786
1 -5 96.389
1 -15 85.7214
1 3 97.4963
1 -9 95.7445
5 -3 96.6948
-1 -3 96.3725
11 -3 96.7526
-3 -3 96.2568
9 -3 96.7526
3 -3 96.6369
15 -3 96.8518
-5 -3 95.5379
7 -3 96.7278
1 -3 96.5295
13 -7 96.6452
13 -1 97.2484
13 -13 96.5047
13 1 98.3309
13 -11 96.4221
13 -5 96.7443
13 -15 96.4799
13 3 98.5953
13 -9 96.5543
13 -3 96.86
