5 -7 97.4565
-1 -7 96.5194
5 -1 97.5011
-1 -1 97.5011
11 -7 97.5011
11 -1 97.2334
5 -13 96.5194
-1 -13 55.9125
11 -13 97.4565
-3 -7 95.8947
-3 -1 97.3672
-3 -13 55.9125
5 1 97.6796
-1 1 97.3672
11 1 97.7242
-3 1 97.1888
9 -7 97.5011
9 -1 97.278
9 -13 97.3226
9 1 97.7242
5 -11 97.1888
-1 -11 55.9125
11 -11 97.5011
-3 -11 55.9125
9 -11 97.3672
3 -7 97.3672
3 -1 97.3672
3 -13 95.9839
3 1 97.9027
3 -11 96.5194
5 -5 97.4565
-1 -5 97.2334
11 -5 97.5011
-3 -5 96.5194
9 -5 97.4565
3 -5 97.5904
15 -7 97.635
15 -1 97.0995
15 -13 97.5011
15 1 97.7242
15 -11 97.5457
15 -5 97.3672
5 -15 95.9839
-1 -15 55.9125
11 -15 97.3226
-3 -15 55.9125
9 -15 97.1888
3 -15 55.9125
15 -15 97.5011
-5 -7 55.9125
-5 -1 96.7871
-5 -13 55.9125
-5 1 96.4302
-5 -11 55.9125
-5 -5 95.8947
-5 -15 55.9125
5 3 97.9473
-1 3 97.4565
11 3 97.9473
-3 3 96.1624
9 3 97.9473
3 3 97.9473
15 3 97.9473
-5 3 92.8603
7 -7 97.5904
7 -1 97.278
7 -13 97.1888
7 1 97.7242
7 -11 97.3226
7 -5 97.5011
7 -15 96.5194
7 3 97.9473
5 -9 97.3226
-1 -9 95.9839
11 -9 97.5457
-3 -9 55.9125
9 -9 97.5457
3 -9 97.1888
15 -9 97.4565
-5 -9 55.9125
7 -9 97.4119
1 -7 97.1441
1 -1 97.5011
1 -13 55.9125
1 1 97.7242
1 -11 95.9839
1 -5 97.4119
1 -15 55.9125
1 3 97.9027
1 -9 96.5194
5 -3 97.4565
-1 -3 97.5457
11 -3 97.5457
-3 -3 97.0549
9 -3 97.4119
3 -3 97.5457
15 -3 96.921
-5 -3 96.4302
7 -3 97.4119
1 -3 97.5904
13 -7 97.5011
13 -1 97.1888
13 -13 97.5011
13 1 97.7242
13 -11 97.5011
13 -5 97.4565
13 -15 97.4565
13 3 97.9473
13 -9 97.5011
13 -3 97.2334
