5 -7 96.3312
-1 -7 96.1742
5 -1 96.7196
-1 -1 96.4882
11 -7 96.5212
11 -1 97.1079
5 -13 96.1659
-1 -13 85.7214
11 -13 96.3394
-3 -7 85.7296
-3 -1 96.3394
-3 -13 85.7214
5 1 97.1575
-1 1 96.7526
11 1 97.4054
-3 1 96.6121
9 -7 96.3642
9 -1 96.9674
9 -13 96.2899
9 1 97.331
5 -11 96.2568
-1 -11 85.7214
11 -11 96.3725
-3 -11 85.7214
9 -11 96.3394
3 -7 96.2899
3 -1 96.6204
3 -13 85.7296
3 1 97.1327
3 -11 96.1742
5 -5 96.3312
-1 -5 96.2568
11 -5 96.5543
-3 -5 96.1659
9 -5 96.5956
3 -5 96.2733
15 -7 96.6287
15 -1 97.1905
15 -13 96.3725
15 1 97.6285
15 -11 96.2981
15 -5 96.6287
5 -15 85.7296
-1 -15 85.7214
11 -15 96.2981
-3 -15 85.7214
9 -15 96.2651
3 -15 85.7214
15 -15 96.3642
-5 -7 85.7214
-5 -1 96.232
-5 -13 85.7214
-5 1 96.4882
-5 -11 85.7214
-5 -5 85.7296
-5 -15 85.7214
5 3 97.7111
-1 3 97.2401
11 3 97.7938
-3 3 96.9344
9 3 97.7111
3 3 97.6368
15 3 97.7276
-5 3 96.6452
7 -7 96.2981
7 -1 96.8435
7 -13 96.2568
7 1 97.2236
7 -11 96.2816
7 -5 96.5212
7 -15 96.1659
7 3 97.7111
5 -9 96.2816
-1 -9 85.7296
11 -9 96.2981
-3 -9 85.7214
9 -9 96.3147
3 -9 96.2568
15 -9 96.5295
-5 -9 85.7214
7 -9 96.3147
1 -7 96.2568
1 -1 96.5873
1 -13 85.7214
1 1 96.8765
1 -11 85.7296
1 -5 96.2733
1 -15 85.7214
1 3 97.4715
1 -9 96.1742
5 -3 96.5543
-1 -3 96.2486
11 -3 96.67
-3 -3 96.2072
9 -3 96.6287
3 -3 96.5047
15 -3 96.9096
-5 -3 96.1742
7 -3 96.5626
1 -3 96.3642
13 -7 96.6121
13 -1 97.141
13 -13 96.3642
13 1 97.6285
13 -11 96.3642
13 -5 96.5543
13 -15 96.3394
13 3 97.8185
13 -9 96.356
13 -3 96.8022
