5 -7 95.5875
-1 -7 94.4472
5 -1 96.2072
-1 -1 96.075
11 -7 95.5462
11 -1 97.3228
5 -13 94.3811
-1 -13 91.5964
11 -13 94.7695
-3 -7 93.6622
-3 -1 95.918
-3 -13 85.7214
5 1 97.7772
-1 1 96.5378
11 1 98.6201
-3 1 96.2651
9 -7 95.5462
9 -1 96.8931
9 -13 94.786
9 1 98.4383
5 -11 94.7447
-1 -11 92.7533
11 -11 95.1413
-3 -11 91.5882
9 -11 94.9099
3 -7 95.2157
3 -1 96.1907
3 -13 93.6374
3 1 97.1905
3 -11 94.3811
5 -5 95.728
-1 -5 95.1744
11 -5 95.8932
-3 -5 94.6703
9 -5 95.8519
3 -5 95.6371
15 -7 95.8519
15 -1 98.0086
15 -13 95.1248
15 1 98.4631
15 -11 95.5297
15 -5 95.8767
5 -15 93.6374
-1 -15 85.7214
11 -15 94.786
-3 -15 85.7214
9 -15 94.7447
3 -15 92.7367
15 -15 94.7447
-5 -7 92.7285
-5 -1 95.6536
-5 -13 85.7214
-5 1 96.0585
-5 -11 85.7214
-5 -5 93.7118
-5 -15 85.7214
5 3 98.9754
-1 3 97.9012
11 3 98.8514
-3 3 97.2649
9 3 98.8514
3 3 98.7771
15 3 98.8514
-5 3 96.7526
7 -7 95.571
7 -1 96.5047
7 -13 94.7364
7 1 98.1904
7 -11 94.7942
7 -5 95.7776
7 -15 94.3728
7 3 98.9175
5 -9 94.9182
-1 -9 93.6457
11 -9 95.571
-3 -9 92.745
9 -9 95.6206
3 -9 94.786
15 -9 95.3892
-5 -9 91.5882
7 -9 95.133
1 -7 94.8521
1 -1 96.1081
1 -13 92.7367
1 1 96.7609
1 -11 93.6374
1 -5 95.6371
1 -15 91.5964
1 3 98.3226
1 -9 94.3894
5 -3 96.0007
-1 -3 95.7693
11 -3 96.075
-3 -3 95.604
9 -3 96.1081
3 -3 95.8932
15 -3 96.6865
-5 -3 94.9843
7 -3 96.0833
1 -3 95.8271
13 -7 95.7032
13 -1 97.7772
13 -13 94.8521
13 1 98.4713
13 -11 95.5875
13 -5 95.9676
13 -15 94.7612
13 3 98.8514
13 -9 95.4883
13 -3 96.3973
