5 -7 56.3626
-1 -7 45.1744
5 -1 89.3076
-1 -1 73.335
11 -7 67.7326
11 -1 96.2238
5 -13 44.8273
-1 -13 14.2786
11 -13 49.843
-3 -7 27.2517
-3 -1 66.7245
-3 -13 14.2786
5 1 97.174
-1 1 89.0266
11 1 98.6201
-3 1 82.8789
9 -7 64.4356
9 -1 94.3976
9 -13 49.2728
9 1 98.4796
5 -11 48.083
-1 -11 14.2786
11 -11 53.1896
-3 -11 14.2786
9 -11 50.6776
3 -7 52.6938
3 -1 84.7546
3 -13 27.0038
3 1 95.5214
3 -11 44.7942
5 -5 64.8405
-1 -5 51.3799
11 -5 76.1692
-3 -5 45.6619
9 -5 72.55
3 -5 59.8413
15 -7 71.8807
15 -1 97.8599
15 -13 53.1152
15 1 98.4631
15 -11 59.3704
15 -5 83.0854
5 -15 26.9542
-1 -15 14.2786
11 -15 48.8845
-3 -15 14.2786
9 -15 47.9094
3 -15 14.2786
15 -15 48.8845
-5 -7 14.2786
-5 -1 58.9159
-5 -13 14.2786
-5 1 75.7395
-5 -11 14.2786
-5 -5 28.3837
-5 -15 14.2786
5 3 98.9754
-1 3 97.1575
11 3 98.8514
-3 3 94.6951
9 3 98.8514
3 3 98.7523
15 3 98.8514
-5 3 89.6629
7 -7 59.9157
7 -1 92.1253
7 -13 47.9673
7 1 98.0003
7 -11 49.4629
7 -5 68.5341
7 -15 44.8604
7 3 98.9175
5 -9 50.3966
-1 -9 27.0699
11 -9 59.8496
-3 -9 14.2786
9 -9 56.4204
3 -9 48.5209
15 -9 66.6997
-5 -9 14.2786
7 -9 53.0243
1 -7 49.1324
1 -1 79.5075
1 -13 14.2786
1 1 92.9268
1 -11 27.0038
1 -5 55.9825
1 -15 14.2786
1 3 98.1904
1 -9 44.8273
5 -3 75.252
-1 -3 60.1884
11 -3 88.2747
-3 -3 54.8752
9 -3 84.201
3 -3 70.3437
15 -3 93.0259
-5 -3 47.8599
7 -3 80.3586
1 -3 66.0221
13 -7 70.195
13 -1 97.2236
13 -13 50.9255
13 1 98.4713
13 -11 56.4783
13 -5 80.1768
13 -15 49.4629
13 3 98.8514
13 -9 64.6257
13 -3 90.8528
