5 -7 96.4221
-1 -7 95.8767
5 -1 96.9922
-1 -1 96.6287
11 -7 96.6369
11 -1 97.5624
5 -13 95.8932
-1 -13 85.7214
11 -13 96.5956
-3 -7 94.9678
-3 -1 96.4469
-3 -13 85.7214
5 1 97.6946
-1 1 96.8765
11 1 98.5292
-3 1 96.5873
9 -7 96.546
9 -1 97.298
9 -13 96.5378
9 1 98.2482
5 -11 96.3725
-1 -11 85.7214
11 -11 96.5791
-3 -11 85.7214
9 -11 96.5543
3 -7 96.5378
3 -1 96.7857
3 -13 94.9843
3 1 97.3145
3 -11 95.8932
5 -5 96.5791
-1 -5 96.356
11 -5 96.6865
-3 -5 95.8602
9 -5 96.6534
3 -5 96.4717
15 -7 96.6452
15 -1 97.9342
15 -13 96.5708
15 1 98.5622
15 -11 96.4799
15 -5 96.703
5 -15 94.9843
-1 -15 85.7214
11 -15 96.5378
-3 -15 85.7214
9 -15 96.356
3 -15 85.7214
15 -15 96.6039
-5 -7 85.7214
-5 -1 96.1577
-5 -13 85.7214
-5 1 96.2238
-5 -11 85.7214
-5 -5 94.9017
-5 -15 85.7214
5 3 98.8266
-1 3 97.3723
11 3 98.7771
-3 3 96.8518
9 3 98.8927
3 3 98.3804
15 3 98.7523
-5 3 96.2981
7 -7 96.4634
7 -1 97.1492
7 -13 96.356
7 1 97.9838
7 -11 96.5378
7 -5 96.67
7 -15 95.8932
7 3 98.8845
5 -9 96.5378
-1 -9 94.9843
11 -9 96.4386
-3 -9 85.7214
9 -9 96.4386
3 -9 96.356
15 -9 96.5956
-5 -9 85.7214
7 -9 96.5295
1 -7 96.3312
1 -1 96.703
1 -13 85.7214
1 1 97.141
1 -11 94.9843
1 -5 96.389
1 -15 85.7214
1 3 97.7442
1 -9 95.8932
5 -3 96.7113
-1 -3 96.4551
11 -3 96.9509
-3 -3 96.2155
9 -3 96.7526
3 -3 96.6534
15 -3 97.1905
-5 -3 95.7693
7 -3 96.7691
1 -3 96.5873
13 -7 96.67
13 -1 97.7938
13 -13 96.5873
13 1 98.6118
13 -11 96.4551
13 -5 96.6617
13 -15 96.5791
13 3 98.7523
13 -9 96.5543
13 -3 97.0831
