5 -7 97.635
-1 -7 97.3226
5 -1 97.3672
-1 -1 97.635
11 -7 97.635
11 -1 97.5011
5 -13 97.3226
-1 -13 55.9125
11 -13 97.635
-3 -7 96.921
-3 -1 97.5011
-3 -13 55.9125
5 1 97.5011
-1 1 97.5904
11 1 96.9656
-3 1 97.6796
9 -7 97.635
9 -1 97.3672
9 -13 97.5904
9 1 97.1441
5 -11 97.4119
-1 -11 55.9125
11 -11 97.635
-3 -11 55.9125
9 -11 97.635
3 -7 97.5904
3 -1 97.5011
3 -13 96.921
3 1 97.5011
3 -11 97.3226
5 -5 97.635
-1 -5 97.4119
11 -5 97.4119
-3 -5 97.3226
9 -5 97.5457
3 -5 97.635
15 -7 97.4119
15 -1 97.2334
15 -13 97.635
15 1 96.4302
15 -11 97.635
15 -5 97.5011
5 -15 96.921
-1 -15 55.9125
11 -15 97.5904
-3 -15 55.9125
9 -15 97.4119
3 -15 55.9125
15 -15 97.635
-5 -7 55.9125
-5 -1 97.4119
-5 -13 55.9125
-5 1 97.5904
-5 -11 55.9125
-5 -5 96.9656
-5 -15 55.9125
5 3 96.8764
-1 3 97.5011
11 3 95.9393
-3 3 97.4565
9 3 96.6087
3 3 97.3672
15 3 95.8501
-5 3 97.278
7 -7 97.635
7 -1 97.3672
7 -13 97.4119
7 1 97.4119
7 -11 97.5904
7 -5 97.635
7 -15 97.3226
7 3 96.8764
5 -9 97.5904
-1 -9 96.921
11 -9 97.635
-3 -9 55.9125
9 -9 97.635
3 -9 97.4119
15 -9 97.635
-5 -9 55.9125
7 -9 97.635
1 -7 97.4119
1 -1 97.5904
1 -13 55.9125
1 1 97.4565
1 -11 96.921
1 -5 97.5904
1 -15 55.9125
1 3 97.4565
1 -9 97.3226
5 -3 97.5904
-1 -3 97.5904
11 -3 97.3672
-3 -3 97.3672
9 -3 97.5011
3 -3 97.5904
15 -3 97.3672
-5 -3 97.3672
7 -3 97.4119
1 -3 97.635
13 -7 97.5457
13 -1 97.278
13 -13 97.635
13 1 96.5194
13 -11 97.635
13 -5 97.4119
13 -15 97.635
13 3 95.8054
13 -9 97.635
13 -3 97.1888
