5 -7 96.5626
-1 -7 95.9346
5 -1 97.3475
-1 -1 96.8187
11 -7 96.7857
11 -1 98.2317
5 -13 95.9428
-1 -13 85.7214
11 -13 96.6287
-3 -7 95.4718
-3 -1 96.6287
-3 -13 85.7214
5 1 98.2978
-1 1 97.141
11 1 98.7688
-3 1 96.9344
9 -7 96.7526
9 -1 97.802
9 -13 96.5212
9 1 98.8101
5 -11 96.4717
-1 -11 85.7214
11 -11 96.5626
-3 -11 85.7214
9 -11 96.6287
3 -7 96.5378
3 -1 97.0418
3 -13 95.4801
3 1 97.8599
3 -11 95.9511
5 -5 96.7443
-1 -5 96.3808
11 -5 96.8765
-3 -5 95.9428
9 -5 96.827
3 -5 96.67
15 -7 96.8518
15 -1 98.5705
15 -13 96.5873
15 1 98.6696
15 -11 96.6865
15 -5 97.1905
5 -15 95.4883
-1 -15 85.7214
11 -15 96.5212
-3 -15 85.7214
9 -15 96.4634
3 -15 85.7214
15 -15 96.6204
-5 -7 85.7214
-5 -1 96.1577
-5 -13 85.7214
-5 1 96.4138
-5 -11 85.7214
-5 -5 95.4305
-5 -15 85.7214
5 3 99.0415
-1 3 97.7442
11 3 98.9258
-3 3 96.6865
9 3 98.9258
3 3 98.9506
15 3 98.9258
-5 3 95.6453
7 -7 96.6782
7 -1 97.5045
7 -13 96.4634
7 1 98.6366
7 -11 96.5295
7 -5 96.7939
7 -15 95.9428
7 3 98.9919
5 -9 96.5295
-1 -9 95.4718
11 -9 96.6782
-3 -9 85.7214
9 -9 96.546
3 -9 96.4469
15 -9 96.7774
-5 -9 85.7214
7 -9 96.5791
1 -7 96.4469
1 -1 96.8848
1 -13 85.7214
1 1 97.4384
1 -11 95.4718
1 -5 96.5295
1 -15 85.7214
1 3 98.4961
1 -9 95.9428
5 -3 96.8435
-1 -3 96.6039
11 -3 97.4632
-3 -3 96.3064
9 -3 97.141
3 -3 96.7939
15 -3 97.7111
-5 -3 95.8519
7 -3 96.9344
1 -3 96.7443
13 -7 96.7939
13 -1 98.3722
13 -13 96.6039
13 1 98.7192
13 -11 96.5543
13 -5 97.0088
13 -15 96.6204
13 3 98.9258
13 -9 96.7526
13 -3 97.488
