1,0,1,89.909091,89.909091,0.989000 0.011000
2,0,1,44.954545,44.954545,0.978121 0.021758 0.000121
3,0,1,29.969701,29.969701,0.967362 0.032278 0.000359 0.000001
4,0,1,22.477234,22.477234,0.956721 0.042564 0.000710 0.000005
5,0,1,17.981699,17.981699,0.946197 0.052620 0.001171 0.000013
6,0,1,14.984852,14.984852,0.935789 0.062449 0.001736 0.000026
7,0,1,12.844107,12.844107,0.925495 0.072056 0.002404 0.000045
8,0,1,11.238569,11.238569,0.915314 0.081444 0.003170 0.000071 0.000001
9,0,1,9.989913,9.989913,0.905246 0.090616 0.004031 0.000105 0.000002
10,0,1,8.990912,8.990912,0.895288 0.099577 0.004984 0.000148 0.000003
11,0,1,8.173544,8.173544,0.885440 0.108330 0.006024 0.000201 0.000004
12,0,1,7.492428,7.492428,0.875700 0.116878 0.007150 0.000265 0.000007
13,0,1,6.916095,6.916095,0.866068 0.125225 0.008357 0.000341 0.000009
14,0,1,6.422099,6.422099,0.856541 0.133374 0.009642 0.000429 0.000013
15,0,1,5.993950,5.993950,0.847119 0.141329 0.011003 0.000530 0.000018
16,0,1,5.619318,5.619318,0.837801 0.149093 0.012437 0.000646 0.000023 0.000001
17,0,1,5.288762,5.288762,0.828585 0.156669 0.013940 0.000775 0.000030 0.000001
18,0,1,4.994941,4.994941,0.819470 0.164060 0.015510 0.000920 0.000038 0.000001
19,0,1,4.732065,4.732065,0.810456 0.171269 0.017144 0.001081 0.000048 0.000002
20,0,1,4.495463,4.495463,0.801541 0.178300 0.018840 0.001257 0.000059 0.000002
21,0,1,4.281384,4.281384,0.792724 0.185156 0.020594 0.001451 0.000073 0.000003
22,0,1,4.086781,4.086781,0.784004 0.191839 0.022404 0.001661 0.000088 0.000004
23,0,1,3.909091,3.909091,0.775380 0.198353 0.024268 0.001889 0.000105 0.000004
24,0,1,3.746219,3.746219,0.766851 0.204700 0.026183 0.002136 0.000125 0.000006
25,0,1,3.596366,3.596366,0.758416 0.210884 0.028146 0.002400 0.000147 0.000007
26,0,1,3.458040,3.458040,0.750073 0.216907 0.030156 0.002683 0.000172 0.000008
27,0,1,3.329961,3.329961,0.741822 0.222772 0.032211 0.002985 0.000199 0.000010
28,0,1,3.211042,3.211042,0.733662 0.228481 0.034307 0.003307 0.000230 0.000012 0.000001
29,0,1,3.100317,3.100317,0.725592 0.234038 0.036443 0.003648 0.000264 0.000015 0.000001
30,0,1,2.996972,2.996972,0.717610 0.239445 0.038616 0.004009 0.000301 0.000017 0.000001
31,0,1,2.900296,2.900296,0.709717 0.244705 0.040825 0.004389 0.000342 0.000021 0.000001
32,0,1,2.809663,2.809663,0.701910 0.249820 0.043068 0.004790 0.000386 0.000024 0.000001
33,0,1,2.724521,2.724521,0.694189 0.254793 0.045342 0.005211 0.000435 0.000028 0.000001
34,0,1,2.644382,2.644382,0.686553 0.259627 0.047646 0.005653 0.000487 0.000033 0.000002
35,0,1,2.568831,2.568831,0.679001 0.264323 0.049978 0.006115 0.000544 0.000038 0.000002
36,0,1,2.497478,2.497478,0.671532 0.268884 0.052336 0.006597 0.000605 0.000043 0.000002
37,0,1,2.429980,2.429980,0.664145 0.273313 0.054718 0.007100 0.000671 0.000049 0.000003
38,0,1,2.366024,2.366024,0.656839 0.277613 0.057122 0.007624 0.000742 0.000056 0.000003
39,0,1,2.305362,2.305362,0.649614 0.281784 0.059548 0.008169 0.000818 0.000064 0.000004
40,0,1,2.247728,2.247728,0.642468 0.285830 0.061992 0.008734 0.000899 0.000072 0.000005
41,0,1,2.192906,2.192906,0.635401 0.289753 0.064455 0.009320 0.000985 0.000081 0.000005
42,0,1,2.140696,2.140696,0.628412 0.293555 0.066933 0.009926 0.001076 0.000091 0.000006
43,0,1,2.090907,2.090907,0.621499 0.297239 0.069426 0.010553 0.001174 0.000102 0.000007
44,0,1,2.043387,2.043387,0.614663 0.300806 0.071932 0.011201 0.001277 0.000114 0.000008
45,0,1,1.997979,1.997979,0.607901 0.304258 0.074449 0.011869 0.001386 0.000126 0.000009 0.000001
46,0,1,1.954545,1.954545,0.601214 0.307598 0.076977 0.012557 0.001501 0.000140 0.000011 0.000001
47,0,1,1.912958,1.912958,0.594601 0.310828 0.079514 0.013266 0.001623 0.000155 0.000012 0.000001
48,0,1,1.873107,1.873107,0.588060 0.313949 0.082059 0.013994 0.001751 0.000171 0.000014 0.000001
49,0,1,1.834878,1.834878,0.581592 0.316965 0.084609 0.014743 0.001886 0.000189 0.000015 0.000001
50,0,1,1.798178,1.798178,0.575194 0.319876 0.087165 0.015512 0.002027 0.000207 0.000017 0.000001
51,0,1,1.762923,1.762923,0.568867 0.322684 0.089725 0.016300 0.002176 0.000227 0.000019 0.000001
52,0,1,1.729022,1.729022,0.562610 0.325392 0.092288 0.017108 0.002331 0.000249 0.000022 0.000002
53,0,1,1.696400,1.696400,0.556421 0.328001 0.094852 0.017935 0.002493 0.000272 0.000024 0.000002
54,0,1,1.664982,1.664982,0.550300 0.330514 0.097416 0.018781 0.002663 0.000296 0.000027 0.000002
55,0,1,1.634709,1.634709,0.544247 0.332932 0.099980 0.019646 0.002841 0.000322 0.000030 0.000002
56,0,1,1.605519,1.605519,0.538260 0.335256 0.102543 0.020529 0.003025 0.000350 0.000033 0.000003
57,0,1,1.577352,1.577352,0.532339 0.337489 0.105103 0.021431 0.003218 0.000379 0.000037 0.000003
58,0,1,1.550156,1.550156,0.526484 0.339633 0.107659 0.022352 0.003418 0.000411 0.000040 0.000003
59,0,1,1.523881,1.523881,0.520692 0.341688 0.110211 0.023290 0.003627 0.000444 0.000044 0.000004
60,0,1,1.498485,1.498485,0.514965 0.343657 0.112757 0.024246 0.003843 0.000479 0.000049 0.000004
61,0,1,1.473921,1.473921,0.509300 0.345541 0.115297 0.025220 0.004067 0.000516 0.000054 0.000005
62,0,1,1.450146,1.450146,0.503698 0.347343 0.117830 0.026211 0.004300 0.000555 0.000059 0.000005
63,0,1,1.427126,1.427126,0.498157 0.349063 0.120354 0.027219 0.004541 0.000596 0.000064 0.000006
64,0,1,1.404827,1.404827,0.492677 0.350703 0.122870 0.028243 0.004790 0.000639 0.000070 0.000006 0.000001
65,0,1,1.383218,1.383218,0.487258 0.352264 0.125376 0.029284 0.005048 0.000685 0.000076 0.000007 0.000001
66,0,1,1.362260,1.362260,0.481898 0.353749 0.127872 0.030341 0.005315 0.000733 0.000083 0.000008 0.000001
67,0,1,1.341926,1.341926,0.476597 0.355159 0.130357 0.031414 0.005590 0.000783 0.000090 0.000009 0.000001
68,0,1,1.322192,1.322192,0.471355 0.356495 0.132829 0.032502 0.005874 0.000836 0.000098 0.000010 0.000001
69,0,1,1.303032,1.303032,0.466170 0.357758 0.135290 0.033606 0.006167 0.000892 0.000106 0.000011 0.000001
70,0,1,1.284415,1.284415,0.461042 0.358951 0.137737 0.034724 0.006469 0.000950 0.000114 0.000012 0.000001
71,0,1,1.266323,1.266323,0.455970 0.360074 0.140170 0.035858 0.006780 0.001010 0.000124 0.000013 0.000001
72,0,1,1.248737,1.248737,0.450955 0.361129 0.142589 0.037005 0.007100 0.001074 0.000133 0.000014 0.000001
73,0,1,1.231630,1.231630,0.445994 0.362117 0.144993 0.038166 0.007429 0.001140 0.000144 0.000015 0.000001
74,0,1,1.214988,1.214988,0.441088 0.363039 0.147381 0.039341 0.007767 0.001209 0.000155 0.000017 0.000002
75,0,1,1.198786,1.198786,0.436236 0.363898 0.149754 0.040530 0.008114 0.001282 0.000166 0.000018 0.000002
76,0,1,1.183014,1.183014,0.431438 0.364694 0.152109 0.041731 0.008471 0.001357 0.000179 0.000020 0.000002
77,0,1,1.167650,1.167650,0.426692 0.365428 0.154448 0.042946 0.008837 0.001435 0.000192 0.000022 0.000002
78,0,1,1.152679,1.152679,0.421998 0.366102 0.156769 0.044172 0.009212 0.001516 0.000205 0.000023 0.000002
79,0,1,1.138087,1.138087,0.417356 0.366717 0.159071 0.045411 0.009596 0.001601 0.000220 0.000025 0.000003
80,0,1,1.123861,1.123861,0.412765 0.367274 0.161355 0.046661 0.009990 0.001689 0.000235 0.000028 0.000003
81,0,1,1.109989,1.109989,0.408225 0.367774 0.163620 0.047923 0.010394 0.001780 0.000251 0.000030 0.000003
82,0,1,1.096453,1.096453,0.403735 0.368219 0.165866 0.049195 0.010807 0.001875 0.000268 0.000032 0.000003
83,0,1,1.083240,1.083240,0.399293 0.368610 0.168092 0.050479 0.011229 0.001973 0.000285 0.000035 0.000004
84,0,1,1.070346,1.070346,0.394901 0.368947 0.170298 0.051772 0.011661 0.002075 0.000304 0.000038 0.000004
85,0,1,1.057752,1.057752,0.390557 0.369233 0.172483 0.053076 0.012102 0.002181 0.000323 0.000041 0.000004
86,0,1,1.045455,1.045455,0.386261 0.369467 0.174647 0.054390 0.012552 0.002290 0.000344 0.000044 0.000005
87,0,1,1.033437,1.033437,0.382012 0.369652 0.176790 0.055712 0.013013 0.002403 0.000365 0.000047 0.000005 0.000001
88,0,1,1.021694,1.021694,0.377810 0.369788 0.178912 0.057044 0.013482 0.002519 0.000388 0.000051 0.000006 0.000001
89,0,1,1.010214,1.010214,0.373654 0.369876 0.181011 0.058385 0.013962 0.002640 0.000411 0.000054 0.000006 0.000001
90,1,0,1.001012,0.998989,0.369544 0.369918 0.183089 0.059734 0.014450 0.002764 0.000436 0.000058 0.000007 0.000001
91,1,0,1.012135,0.988011,0.365479 0.369914 0.185144 0.061091 0.014948 0.002893 0.000461 0.000062 0.000007 0.000001
92,1,0,1.023256,0.977273,0.361459 0.369865 0.187176 0.062455 0.015456 0.003026 0.000488 0.000067 0.000008 0.000001
93,1,0,1.034376,0.966766,0.357483 0.369772 0.189186 0.063827 0.015973 0.003162 0.000516 0.000071 0.000009 0.000001
94,1,0,1.045501,0.956479,0.353550 0.369637 0.191172 0.065206 0.016499 0.003303 0.000545 0.000076 0.000009 0.000001
95,1,0,1.056623,0.946411,0.349661 0.369460 0.193135 0.066592 0.017035 0.003448 0.000575 0.000081 0.000010 0.000001
96,1,0,1.067744,0.936554,0.345815 0.369242 0.195075 0.067984 0.017580 0.003598 0.000607 0.000087 0.000011 0.000001
97,1,0,1.078869,0.926897,0.342011 0.368985 0.196991 0.069382 0.018135 0.003752 0.000640 0.000093 0.000012 0.000001
98,1,0,1.089990,0.917440,0.338249 0.368688 0.198883 0.070785 0.018698 0.003910 0.000674 0.000099 0.000012 0.000001
99,1,0,1.101113,0.908172,0.334528 0.368353 0.200751 0.072194 0.019271 0.004073 0.000710 0.000105 0.000013 0.000002
100,1,0,1.112236,0.899090,0.330848 0.367981 0.202594 0.073609 0.019853 0.004240 0.000747 0.000112 0.000014 0.000002
101,1,0,1.123358,0.890188,0.327209 0.367573 0.204414 0.075027 0.020445 0.004411 0.000785 0.000119 0.000015 0.000002
102,1,0,1.134480,0.881461,0.323610 0.367129 0.206208 0.076451 0.021045 0.004588 0.000825 0.000126 0.000017 0.000002
103,1,0,1.145602,0.872903,0.320050 0.366650 0.207978 0.077878 0.021655 0.004769 0.000866 0.000134 0.000018 0.000002
104,1,0,1.156721,0.864512,0.316530 0.366137 0.209724 0.079309 0.022273 0.004955 0.000909 0.000142 0.000019 0.000002
105,1,0,1.167846,0.856277,0.313048 0.365592 0.211444 0.080744 0.022901 0.005145 0.000954 0.000150 0.000020 0.000002
106,1,0,1.178971,0.848198,0.309604 0.365014 0.213140 0.082181 0.023537 0.005340 0.001000 0.000159 0.000022 0.000003
107,1,0,1.190089,0.840273,0.306199 0.364404 0.214811 0.083622 0.024182 0.005541 0.001048 0.000168 0.000023 0.000003
108,1,0,1.201215,0.832490,0.302830 0.363764 0.216456 0.085065 0.024836 0.005746 0.001097 0.000178 0.000025 0.000003
109,1,0,1.212338,0.824853,0.299499 0.363094 0.218076 0.086510 0.025498 0.005956 0.001148 0.000188 0.000027 0.000003
110,1,0,1.223457,0.817356,0.296205 0.362394 0.219672 0.087958 0.026169 0.006171 0.001201 0.000198 0.000028 0.000004
111,1,0,1.234578,0.809993,0.292947 0.361666 0.221242 0.089406 0.026849 0.006391 0.001256 0.000209 0.000030 0.000004
112,1,0,1.245703,0.802760,0.289724 0.360910 0.222786 0.090857 0.027537 0.006616 0.001312 0.000221 0.000032 0.000004
113,1,0,1.256825,0.795655,0.286537 0.360127 0.224306 0.092308 0.028234 0.006846 0.001371 0.000233 0.000034 0.000004 0.000001
114,1,0,1.267950,0.788675,0.283385 0.359318 0.225800 0.093760 0.028938 0.007081 0.001431 0.000246 0.000037 0.000005 0.000001
115,1,0,1.279069,0.781819,0.280268 0.358482 0.227268 0.095212 0.029652 0.007321 0.001493 0.000259 0.000039 0.000005 0.000001
116,1,0,1.290192,0.775078,0.277185 0.357622 0.228712 0.096665 0.030373 0.007567 0.001557 0.000272 0.000041 0.000006 0.000001
117,1,0,1.301314,0.768454,0.274136 0.356737 0.230130 0.098117 0.031102 0.007818 0.001623 0.000286 0.000044 0.000006 0.000001
118,1,0,1.312436,0.761942,0.271121 0.355829 0.231522 0.099569 0.031839 0.008074 0.001691 0.000301 0.000046 0.000006 0.000001
119,1,0,1.323561,0.755538,0.268138 0.354897 0.232890 0.101021 0.032584 0.008335 0.001761 0.000316 0.000049 0.000007 0.000001
120,1,0,1.334678,0.749244,0.265189 0.353942 0.234232 0.102472 0.033337 0.008602 0.001834 0.000332 0.000052 0.000007 0.000001
121,1,0,1.345801,0.743052,0.262272 0.352966 0.235549 0.103921 0.034097 0.008874 0.001908 0.000349 0.000055 0.000008 0.000001
122,1,0,1.356926,0.736960,0.259387 0.351969 0.236840 0.105369 0.034865 0.009152 0.001985 0.000366 0.000058 0.000008 0.000001
123,1,0,1.368050,0.730967,0.256533 0.350950 0.238107 0.106815 0.035641 0.009435 0.002064 0.000384 0.000062 0.000009 0.000001
124,1,0,1.379170,0.725074,0.253712 0.349912 0.239348 0.108259 0.036424 0.009723 0.002145 0.000402 0.000065 0.000009 0.000001
125,1,0,1.390290,0.719274,0.250921 0.348853 0.240564 0.109701 0.037214 0.010017 0.002228 0.000421 0.000069 0.000010 0.000001
126,1,0,1.401413,0.713566,0.248161 0.347776 0.241755 0.111141 0.038011 0.010316 0.002314 0.000441 0.000073 0.000011 0.000001
127,1,0,1.412535,0.707947,0.245431 0.346680 0.242922 0.112577 0.038816 0.010620 0.002402 0.000462 0.000077 0.000011 0.000001
128,1,2,1.415893,0.702414,0.242731 0.345567 0.244063 0.114011 0.039627 0.010931 0.002492 0.000483 0.000081 0.000012 0.000002
129,1,2,1.404831,0.696970,0.240061 0.344435 0.245179 0.115442 0.040445 0.011246 0.002585 0.000505 0.000086 0.000013 0.000002
130,1,2,1.393940,0.691608,0.237420 0.343287 0.246271 0.116869 0.041270 0.011567 0.002680 0.000528 0.000090 0.000014 0.000002
131,1,2,1.383221,0.686329,0.234809 0.342123 0.247338 0.118292 0.042102 0.011894 0.002778 0.000552 0.000095 0.000014 0.000002
132,1,2,1.372657,0.681131,0.232226 0.340942 0.248381 0.119712 0.042940 0.012226 0.002878 0.000576 0.000100 0.000015 0.000002
133,1,2,1.362259,0.676008,0.229671 0.339746 0.249399 0.121127 0.043785 0.012564 0.002981 0.000602 0.000105 0.000016 0.000002
134,1,2,1.352019,0.670963,0.227145 0.338536 0.250393 0.122538 0.044635 0.012908 0.003087 0.000628 0.000111 0.000017 0.000002
135,1,2,1.341924,0.665993,0.224646 0.337310 0.251363 0.123945 0.045492 0.013257 0.003195 0.000655 0.000117 0.000018 0.000003
136,1,2,1.331987,0.661095,0.222175 0.336071 0.252308 0.125346 0.046355 0.013611 0.003305 0.000683 0.000122 0.000019 0.000003
137,1,2,1.322195,0.656270,0.219731 0.334818 0.253229 0.126743 0.047224 0.013971 0.003419 0.000712 0.000129 0.000021 0.000003
138,1,2,1.312541,0.651515,0.217314 0.333552 0.254127 0.128134 0.048099 0.014337 0.003535 0.000741 0.000135 0.000022 0.000003
139,1,2,1.303030,0.646828,0.214924 0.332274 0.255001 0.129520 0.048979 0.014709 0.003654 0.000772 0.000142 0.000023 0.000003
140,1,2,1.293655,0.642208,0.212560 0.330983 0.255851 0.130900 0.049865 0.015086 0.003775 0.000804 0.000149 0.000024 0.000004
141,1,2,1.284416,0.637652,0.210221 0.329680 0.256677 0.132275 0.050757 0.015468 0.003900 0.000836 0.000156 0.000026 0.000004
142,1,2,1.275307,0.633162,0.207909 0.328366 0.257480 0.133643 0.051653 0.015856 0.004027 0.000870 0.000163 0.000027 0.000004 0.000001
143,1,2,1.266325,0.628735,0.205622 0.327041 0.258260 0.135005 0.052555 0.016250 0.004157 0.000905 0.000171 0.000029 0.000004 0.000001
144,1,2,1.257471,0.624369,0.203360 0.325705 0.259016 0.136361 0.053462 0.016649 0.004290 0.000941 0.000179 0.000030 0.000005 0.000001
145,1,2,1.248739,0.620061,0.201123 0.324360 0.259750 0.137710 0.054374 0.017054 0.004426 0.000978 0.000188 0.000032 0.000005 0.000001
146,1,2,1.240124,0.615816,0.198911 0.323004 0.260461 0.139053 0.055291 0.017465 0.004565 0.001015 0.000196 0.000033 0.000005 0.000001
147,1,2,1.231630,0.611627,0.196723 0.321639 0.261149 0.140388 0.056212 0.017881 0.004707 0.001054 0.000205 0.000035 0.000005 0.000001
148,1,2,1.223254,0.607494,0.194559 0.320265 0.261814 0.141717 0.057138 0.018303 0.004852 0.001095 0.000215 0.000037 0.000006 0.000001
149,1,2,1.214988,0.603418,0.192419 0.318882 0.262457 0.143038 0.058068 0.018730 0.005000 0.001136 0.000224 0.000039 0.000006 0.000001
150,1,2,1.206832,0.599393,0.190302 0.317491 0.263078 0.144351 0.059003 0.019163 0.005151 0.001178 0.000234 0.000041 0.000006 0.000001
151,1,2,1.198789,0.595425,0.188209 0.316092 0.263676 0.145657 0.059942 0.019601 0.005305 0.001222 0.000245 0.000043 0.000007 0.000001
152,1,2,1.190847,0.591509,0.186139 0.314685 0.264253 0.146956 0.060885 0.020045 0.005462 0.001267 0.000255 0.000045 0.000007 0.000001
153,1,2,1.183012,0.587641,0.184091 0.313271 0.264808 0.148246 0.061832 0.020494 0.005623 0.001313 0.000267 0.000048 0.000008 0.000001
154,1,2,1.175280,0.583826,0.182066 0.311850 0.265341 0.149528 0.062782 0.020949 0.005786 0.001361 0.000278 0.000050 0.000008 0.000001
155,1,2,1.167653,0.580057,0.180063 0.310423 0.265852 0.150802 0.063736 0.021409 0.005953 0.001409 0.000290 0.000053 0.000009 0.000001
156,1,2,1.160117,0.576341,0.178083 0.308989 0.266343 0.152068 0.064694 0.021874 0.006123 0.001459 0.000302 0.000055 0.000009 0.000001
157,1,2,1.152681,0.572670,0.176124 0.307549 0.266812 0.153325 0.065655 0.022345 0.006296 0.001511 0.000315 0.000058 0.000010 0.000001
158,1,2,1.145338,0.569044,0.174186 0.306103 0.267260 0.154573 0.066620 0.022822 0.006473 0.001563 0.000328 0.000061 0.000010 0.000002
159,1,2,1.138090,0.565465,0.172270 0.304652 0.267687 0.155812 0.067587 0.023304 0.006653 0.001617 0.000342 0.000064 0.000011 0.000002
160,1,2,1.130932,0.561930,0.170375 0.303196 0.268094 0.157043 0.068557 0.023791 0.006836 0.001673 0.000356 0.000067 0.000011 0.000002
161,1,2,1.123864,0.558440,0.168501 0.301735 0.268480 0.158265 0.069531 0.024283 0.007022 0.001729 0.000370 0.000070 0.000012 0.000002
162,1,2,1.116881,0.554996,0.166648 0.300269 0.268846 0.159477 0.070507 0.024781 0.007212 0.001788 0.000385 0.000073 0.000012 0.000002
163,1,2,1.109989,0.551592,0.164815 0.298799 0.269191 0.160680 0.071486 0.025284 0.007405 0.001847 0.000401 0.000077 0.000013 0.000002
164,1,2,1.103177,0.548228,0.163002 0.297325 0.269517 0.161874 0.072467 0.025792 0.007602 0.001908 0.000417 0.000080 0.000014 0.000002
165,1,2,1.096452,0.544905,0.161209 0.295848 0.269823 0.163058 0.073450 0.026305 0.007802 0.001971 0.000433 0.000084 0.000015 0.000002
166,1,2,1.089808,0.541620,0.159435 0.294367 0.270109 0.164232 0.074436 0.026824 0.008006 0.002035 0.000450 0.000088 0.000015 0.000002
167,1,2,1.083243,0.538375,0.157681 0.292883 0.270376 0.165397 0.075424 0.027348 0.008213 0.002101 0.000467 0.000092 0.000016 0.000003
168,1,2,1.076752,0.535174,0.155947 0.291395 0.270624 0.166552 0.076413 0.027877 0.008423 0.002168 0.000485 0.000096 0.000017 0.000003
169,1,2,1.070345,0.532009,0.154232 0.289905 0.270852 0.167696 0.077405 0.028410 0.008637 0.002237 0.000504 0.000100 0.000018 0.000003
170,1,2,1.064011,0.528877,0.152535 0.288413 0.271062 0.168831 0.078398 0.028949 0.008855 0.002307 0.000523 0.000105 0.000019 0.000003
171,1,2,1.057754,0.525784,0.150857 0.286918 0.271252 0.169956 0.079393 0.029493 0.009076 0.002379 0.000543 0.000109 0.000020 0.000003
172,1,2,1.051569,0.522728,0.149198 0.285422 0.271425 0.171070 0.080389 0.030042 0.009300 0.002453 0.000563 0.000114 0.000021 0.000003 0.000001
173,1,2,1.045453,0.519708,0.147557 0.283923 0.271579 0.172174 0.081386 0.030596 0.009528 0.002528 0.000584 0.000119 0.000022 0.000004 0.000001
174,1,2,1.039409,0.516718,0.145933 0.282423 0.271715 0.173267 0.082385 0.031155 0.009760 0.002605 0.000605 0.000124 0.000023 0.000004 0.000001
175,1,2,1.033440,0.513765,0.144328 0.280922 0.271832 0.174350 0.083385 0.031718 0.009995 0.002684 0.000627 0.000129 0.000024 0.000004 0.000001
176,1,2,1.027533,0.510849,0.142741 0.279419 0.271932 0.175422 0.084385 0.032287 0.010234 0.002764 0.000650 0.000135 0.000025 0.000004 0.000001
177,1,2,1.021694,0.507959,0.141170 0.277916 0.272015 0.176484 0.085387 0.032860 0.010477 0.002847 0.000673 0.000141 0.000026 0.000004 0.000001
178,1,2,1.015922,0.505108,0.139618 0.276412 0.272080 0.177535 0.086389 0.033438 0.010723 0.002931 0.000697 0.000146 0.000028 0.000005 0.000001
179,1,2,1.010216,0.502286,0.138082 0.274907 0.272127 0.178575 0.087392 0.034020 0.010973 0.003016 0.000721 0.000152 0.000029 0.000005 0.000001
180,1,2,1.004571,0.499495,0.136563 0.273402 0.272158 0.179604 0.088395 0.034607 0.011227 0.003104 0.000747 0.000159 0.000030 0.000005 0.000001
181,2,1,1.001011,0.496736,0.135061 0.271897 0.272172 0.180622 0.089398 0.035199 0.011484 0.003193 0.000772 0.000165 0.000032 0.000005 0.000001
182,2,1,1.006572,0.494007,0.133575 0.270391 0.272168 0.181629 0.090401 0.035795 0.011745 0.003284 0.000799 0.000172 0.000033 0.000006 0.000001
183,2,1,1.012135,0.491309,0.132106 0.268886 0.272149 0.182625 0.091405 0.036396 0.012009 0.003377 0.000826 0.000179 0.000035 0.000006 0.000001
184,2,1,1.017694,0.488634,0.130652 0.267382 0.272113 0.183610 0.092408 0.037001 0.012277 0.003472 0.000854 0.000186 0.000036 0.000006 0.000001
185,2,1,1.023255,0.485994,0.129215 0.265878 0.272061 0.184583 0.093411 0.037610 0.012549 0.003569 0.000883 0.000193 0.000038 0.000007 0.000001
186,2,1,1.028815,0.483382,0.127794 0.264375 0.271993 0.185546 0.094414 0.038224 0.012825 0.003668 0.000913 0.000201 0.000040 0.000007 0.000001
187,2,1,1.034378,0.480797,0.126388 0.262872 0.271909 0.186497 0.095417 0.038842 0.013104 0.003769 0.000943 0.000209 0.000041 0.000007 0.000001
188,2,1,1.039939,0.478240,0.124998 0.261371 0.271810 0.187436 0.096419 0.039464 0.013388 0.003871 0.000974 0.000217 0.000043 0.000008 0.000001
189,2,1,1.045499,0.475709,0.123623 0.259871 0.271695 0.188364 0.097420 0.040091 0.013674 0.003976 0.001006 0.000225 0.000045 0.000008 0.000001
190,2,1,1.051062,0.473205,0.122263 0.258372 0.271565 0.189281 0.098420 0.040722 0.013965 0.004083 0.001039 0.000234 0.000047 0.000009 0.000001
191,2,1,1.056623,0.470727,0.120918 0.256875 0.271420 0.190186 0.099420 0.041356 0.014259 0.004191 0.001072 0.000242 0.000049 0.000009 0.000001
192,2,1,1.062186,0.468277,0.119588 0.255379 0.271260 0.191080 0.100418 0.041995 0.014557 0.004302 0.001107 0.000252 0.000051 0.000009 0.000002
193,2,1,1.067743,0.465851,0.118273 0.253886 0.271085 0.191961 0.101415 0.042638 0.014859 0.004415 0.001142 0.000261 0.000053 0.000010 0.000002
194,2,1,1.073306,0.463450,0.116972 0.252394 0.270896 0.192832 0.102411 0.043284 0.015165 0.004530 0.001178 0.000271 0.000056 0.000010 0.000002
195,2,1,1.078867,0.461073,0.115685 0.250904 0.270692 0.193691 0.103406 0.043935 0.015474 0.004647 0.001215 0.000281 0.000058 0.000011 0.000002
196,2,1,1.084429,0.458718,0.114412 0.249417 0.270475 0.194538 0.104399 0.044589 0.015787 0.004766 0.001252 0.000291 0.000061 0.000011 0.000002
197,2,1,1.089988,0.456391,0.113154 0.247932 0.270243 0.195373 0.105391 0.045247 0.016104 0.004887 0.001291 0.000302 0.000063 0.000012 0.000002
198,2,1,1.095553,0.454086,0.111909 0.246449 0.269998 0.196196 0.106381 0.045908 0.016425 0.005011 0.001331 0.000312 0.000066 0.000012 0.000002
199,2,1,1.101115,0.451804,0.110678 0.244969 0.269739 0.197008 0.107369 0.046573 0.016749 0.005136 0.001371 0.000324 0.000068 0.000013 0.000002
200,2,1,1.106673,0.449547,0.109461 0.243492 0.269466 0.197808 0.108355 0.047242 0.017077 0.005264 0.001412 0.000335 0.000071 0.000014 0.000002
201,2,1,1.112231,0.447310,0.108257 0.242018 0.269180 0.198597 0.109339 0.047914 0.017409 0.005394 0.001455 0.000347 0.000074 0.000014 0.000003
202,2,1,1.117799,0.445096,0.107066 0.240546 0.268882 0.199373 0.110320 0.048590 0.017744 0.005526 0.001498 0.000359 0.000077 0.000015 0.000003
203,2,1,1.123357,0.442901,0.105888 0.239078 0.268570 0.200138 0.111300 0.049269 0.018084 0.005660 0.001542 0.000372 0.000080 0.000016 0.000003
204,2,1,1.128920,0.440729,0.104723 0.237613 0.268246 0.200890 0.112277 0.049951 0.018427 0.005797 0.001588 0.000385 0.000083 0.000016 0.000003
205,2,1,1.134482,0.438580,0.103571 0.236151 0.267909 0.201631 0.113252 0.050637 0.018773 0.005936 0.001634 0.000398 0.000087 0.000017 0.000003 0.000001
206,2,1,1.140038,0.436451,0.102432 0.234693 0.267559 0.202360 0.114224 0.051326 0.019124 0.006077 0.001681 0.000411 0.000090 0.000018 0.000003 0.000001
207,2,1,1.145602,0.434342,0.101305 0.233238 0.267198 0.203077 0.115194 0.052018 0.019478 0.006221 0.001730 0.000425 0.000094 0.000019 0.000003 0.000001
208,2,1,1.151160,0.432255,0.100191 0.231787 0.266824 0.203783 0.116160 0.052713 0.019836 0.006367 0.001779 0.000440 0.000097 0.000019 0.000004 0.000001
209,2,1,1.156726,0.430188,0.099089 0.230339 0.266439 0.204476 0.117124 0.053411 0.020198 0.006515 0.001830 0.000454 0.000101 0.000020 0.000004 0.000001
210,2,1,1.162288,0.428140,0.097999 0.228895 0.266042 0.205158 0.118085 0.054111 0.020563 0.006665 0.001881 0.000470 0.000105 0.000021 0.000004 0.000001
211,2,1,1.167849,0.426111,0.096921 0.227455 0.265633 0.205828 0.119043 0.054815 0.020932 0.006818 0.001934 0.000485 0.000109 0.000022 0.000004 0.000001
212,2,1,1.173405,0.424100,0.095855 0.226020 0.265213 0.206485 0.119997 0.055522 0.021305 0.006973 0.001987 0.000501 0.000113 0.000023 0.000004 0.000001
213,2,1,1.178968,0.422106,0.094800 0.224588 0.264782 0.207131 0.120949 0.056231 0.021681 0.007131 0.002042 0.000517 0.000117 0.000024 0.000005 0.000001
214,2,1,1.184531,0.420138,0.093758 0.223160 0.264340 0.207766 0.121897 0.056943 0.022061 0.007291 0.002098 0.000534 0.000122 0.000025 0.000005 0.000001
215,2,1,1.190090,0.418180,0.092726 0.221737 0.263887 0.208388 0.122841 0.057657 0.022445 0.007454 0.002155 0.000551 0.000126 0.000026 0.000005 0.000001
216,2,1,1.195649,0.416244,0.091706 0.220318 0.263423 0.208998 0.123782 0.058374 0.022832 0.007618 0.002214 0.000569 0.000131 0.000027 0.000005 0.000001
217,2,1,1.201212,0.414325,0.090697 0.218903 0.262949 0.209597 0.124720 0.059094 0.023223 0.007786 0.002273 0.000587 0.000136 0.000028 0.000005 0.000001
218,2,1,1.206774,0.412427,0.089700 0.217493 0.262465 0.210184 0.125653 0.059816 0.023618 0.007956 0.002334 0.000606 0.000141 0.000030 0.000006 0.000001
219,2,1,1.212336,0.410543,0.088713 0.216087 0.261970 0.210759 0.126583 0.060540 0.024016 0.008128 0.002396 0.000625 0.000146 0.000031 0.000006 0.000001
220,2,1,1.217895,0.408676,0.087737 0.214686 0.261465 0.211322 0.127509 0.061266 0.024418 0.008303 0.002459 0.000644 0.000151 0.000032 0.000006 0.000001
221,2,1,1.223462,0.406828,0.086772 0.213289 0.260951 0.211874 0.128431 0.061995 0.024823 0.008480 0.002523 0.000664 0.000157 0.000033 0.000007 0.000001
222,2,3,1.226030,0.404997,0.085818 0.211898 0.260426 0.212414 0.129349 0.062726 0.025232 0.008660 0.002588 0.000685 0.000162 0.000035 0.000007 0.000001
223,2,3,1.220483,0.403181,0.084874 0.210511 0.259892 0.212942 0.130263 0.063459 0.025644 0.008842 0.002655 0.000706 0.000168 0.000036 0.000007 0.000001
224,2,3,1.214988,0.401379,0.083940 0.209129 0.259349 0.213458 0.131172 0.064193 0.026060 0.009027 0.002723 0.000727 0.000174 0.000038 0.000007 0.000001
225,2,3,1.209541,0.399597,0.083017 0.207752 0.258797 0.213963 0.132077 0.064930 0.026480 0.009214 0.002793 0.000749 0.000180 0.000039 0.000008 0.000001
226,2,3,1.204140,0.397829,0.082104 0.206380 0.258235 0.214456 0.132978 0.065669 0.026903 0.009404 0.002863 0.000771 0.000186 0.000041 0.000008 0.000001
227,2,3,1.198788,0.396072,0.081200 0.205013 0.257665 0.214938 0.133874 0.066409 0.027329 0.009597 0.002935 0.000794 0.000193 0.000042 0.000008 0.000002
228,2,3,1.193484,0.394336,0.080307 0.203651 0.257086 0.215408 0.134766 0.067151 0.027759 0.009792 0.003009 0.000818 0.000199 0.000044 0.000009 0.000002
229,2,3,1.188228,0.392617,0.079424 0.202294 0.256498 0.215866 0.135653 0.067895 0.028192 0.009989 0.003083 0.000842 0.000206 0.000046 0.000009 0.000002
230,2,3,1.183017,0.390909,0.078550 0.200942 0.255902 0.216313 0.136535 0.068640 0.028629 0.010190 0.003159 0.000867 0.000213 0.000047 0.000010 0.000002
231,2,3,1.177846,0.389216,0.077686 0.199596 0.255297 0.216749 0.137413 0.069387 0.029069 0.010392 0.003236 0.000892 0.000220 0.000049 0.000010 0.000002
232,2,3,1.172724,0.387541,0.076832 0.198255 0.254684 0.217173 0.138286 0.070136 0.029513 0.010598 0.003315 0.000918 0.000228 0.000051 0.000010 0.000002
233,2,3,1.167654,0.385874,0.075986 0.196919 0.254064 0.217585 0.139153 0.070885 0.029960 0.010806 0.003395 0.000944 0.000235 0.000053 0.000011 0.000002
234,2,3,1.162615,0.384229,0.075151 0.195589 0.253435 0.217987 0.140016 0.071636 0.030410 0.011017 0.003477 0.000971 0.000243 0.000055 0.000011 0.000002
235,2,3,1.157626,0.382593,0.074324 0.194264 0.252799 0.218377 0.140874 0.072388 0.030863 0.011230 0.003560 0.000999 0.000251 0.000057 0.000012 0.000002
236,2,3,1.152682,0.380969,0.073506 0.192945 0.252155 0.218755 0.141726 0.073142 0.031320 0.011446 0.003644 0.001027 0.000259 0.000059 0.000012 0.000002
237,2,3,1.147775,0.379365,0.072698 0.191631 0.251504 0.219123 0.142574 0.073896 0.031780 0.011664 0.003730 0.001056 0.000268 0.000061 0.000013 0.000002
238,2,3,1.142911,0.377768,0.071898 0.190323 0.250845 0.219479 0.143416 0.074652 0.032243 0.011886 0.003817 0.001085 0.000276 0.000064 0.000013 0.000003
239,2,3,1.138088,0.376188,0.071107 0.189020 0.250179 0.219824 0.144252 0.075408 0.032710 0.012110 0.003906 0.001115 0.000285 0.000066 0.000014 0.000003
240,2,3,1.133309,0.374621,0.070325 0.187723 0.249507 0.220158 0.145084 0.076165 0.033180 0.012336 0.003996 0.001146 0.000294 0.000068 0.000015 0.000003 0.000001
241,2,3,1.128564,0.373064,0.069551 0.186432 0.248827 0.220481 0.145910 0.076923 0.033652 0.012566 0.004088 0.001177 0.000304 0.000071 0.000015 0.000003 0.000001
242,2,3,1.123868,0.371523,0.068786 0.185146 0.248141 0.220792 0.146730 0.077682 0.034128 0.012798 0.004181 0.001209 0.000313 0.000074 0.000016 0.000003 0.000001
243,2,3,1.119203,0.369998,0.068030 0.183866 0.247448 0.221093 0.147545 0.078442 0.034607 0.013032 0.004276 0.001242 0.000323 0.000076 0.000016 0.000003 0.000001
244,2,3,1.114575,0.368477,0.067281 0.182592 0.246748 0.221383 0.148354 0.079202 0.035090 0.013269 0.004372 0.001275 0.000333 0.000079 0.000017 0.000003 0.000001
245,2,3,1.109992,0.366975,0.066541 0.181323 0.246043 0.221662 0.149157 0.079963 0.035575 0.013510 0.004470 0.001309 0.000344 0.000082 0.000018 0.000004 0.000001
246,2,3,1.105443,0.365482,0.065809 0.180061 0.245331 0.221930 0.149954 0.080724 0.036063 0.013752 0.004570 0.001344 0.000354 0.000085 0.000018 0.000004 0.000001
247,2,3,1.100928,0.364002,0.065085 0.178804 0.244613 0.222188 0.150746 0.081485 0.036554 0.013998 0.004671 0.001380 0.000365 0.000088 0.000019 0.000004 0.000001
248,2,3,1.096456,0.362540,0.064370 0.177553 0.243889 0.222434 0.151532 0.082247 0.037049 0.014246 0.004773 0.001416 0.000376 0.000091 0.000020 0.000004 0.000001
249,2,3,1.092015,0.361078,0.063661 0.176308 0.243159 0.222670 0.152312 0.083009 0.037546 0.014497 0.004877 0.001453 0.000388 0.000094 0.000021 0.000004 0.000001
250,2,3,1.087610,0.359635,0.062961 0.175069 0.242424 0.222896 0.153086 0.083772 0.038046 0.014750 0.004983 0.001490 0.000399 0.000097 0.000021 0.000004 0.000001
251,2,3,1.083241,0.358205,0.062269 0.173836 0.241683 0.223111 0.153854 0.084534 0.038549 0.015006 0.005091 0.001529 0.000411 0.000100 0.000022 0.000005 0.000001
252,2,3,1.078906,0.356783,0.061584 0.172609 0.240936 0.223315 0.154616 0.085297 0.039055 0.015265 0.005200 0.001568 0.000424 0.000104 0.000023 0.000005 0.000001
253,2,3,1.074610,0.355371,0.060906 0.171387 0.240185 0.223509 0.155371 0.086059 0.039563 0.015527 0.005310 0.001608 0.000436 0.000107 0.000024 0.000005 0.000001
254,2,3,1.070347,0.353971,0.060236 0.170172 0.239428 0.223692 0.156121 0.086822 0.040075 0.015791 0.005423 0.001649 0.000449 0.000111 0.000025 0.000005 0.000001
255,2,3,1.066116,0.352586,0.059574 0.168963 0.238666 0.223865 0.156864 0.087584 0.040589 0.016059 0.005537 0.001690 0.000462 0.000115 0.000026 0.000005 0.000001
256,2,3,1.061921,0.351206,0.058918 0.167759 0.237900 0.224028 0.157601 0.088346 0.041106 0.016328 0.005653 0.001732 0.000476 0.000118 0.000027 0.000006 0.000001
257,2,3,1.057752,0.349840,0.058270 0.166562 0.237128 0.224181 0.158332 0.089108 0.041626 0.016601 0.005770 0.001776 0.000490 0.000122 0.000028 0.000006 0.000001
258,2,3,1.053624,0.348483,0.057629 0.165371 0.236352 0.224323 0.159056 0.089869 0.042148 0.016876 0.005889 0.001819 0.000504 0.000126 0.000029 0.000006 0.000001
259,2,3,1.049524,0.347137,0.056995 0.164186 0.235571 0.224455 0.159774 0.090630 0.042673 0.017154 0.006010 0.001864 0.000518 0.000131 0.000030 0.000006 0.000001
260,2,3,1.045454,0.345801,0.056368 0.163007 0.234786 0.224578 0.160486 0.091391 0.043200 0.017435 0.006133 0.001910 0.000533 0.000135 0.000031 0.000007 0.000001
261,2,3,1.041417,0.344476,0.055748 0.161834 0.233996 0.224690 0.161191 0.092151 0.043730 0.017718 0.006257 0.001956 0.000548 0.000139 0.000032 0.000007 0.000001
262,2,3,1.037412,0.343163,0.055135 0.160667 0.233202 0.224792 0.161889 0.092910 0.044263 0.018004 0.006383 0.002004 0.000564 0.000144 0.000033 0.000007 0.000001
263,2,3,1.033435,0.341862,0.054529 0.159506 0.232404 0.224885 0.162581 0.093669 0.044798 0.018293 0.006511 0.002052 0.000580 0.000148 0.000035 0.000007 0.000001
264,2,3,1.029493,0.340566,0.053929 0.158351 0.231603 0.224968 0.163266 0.094427 0.045336 0.018585 0.006640 0.002101 0.000596 0.000153 0.000036 0.000008 0.000002
265,2,3,1.025578,0.339281,0.053336 0.157203 0.230797 0.225041 0.163945 0.095184 0.045876 0.018879 0.006772 0.002151 0.000612 0.000158 0.000037 0.000008 0.000002
266,2,3,1.021692,0.338005,0.052749 0.156060 0.229987 0.225104 0.164617 0.095941 0.046418 0.019176 0.006905 0.002202 0.000629 0.000163 0.000039 0.000008 0.000002
267,2,3,1.017836,0.336739,0.052169 0.154924 0.229174 0.225158 0.165283 0.096696 0.046963 0.019476 0.007040 0.002253 0.000647 0.000168 0.000040 0.000009 0.000002
268,2,3,1.014010,0.335483,0.051595 0.153793 0.228357 0.225202 0.165941 0.097451 0.047510 0.019778 0.007177 0.002306 0.000664 0.000173 0.000041 0.000009 0.000002
269,2,3,1.010216,0.334233,0.051027 0.152669 0.227537 0.225236 0.166593 0.098204 0.048059 0.020083 0.007315 0.002360 0.000682 0.000179 0.000043 0.000009 0.000002
270,2,3,1.006446,0.332997,0.050466 0.151551 0.226714 0.225262 0.167238 0.098956 0.048611 0.020391 0.007456 0.002414 0.000701 0.000184 0.000044 0.000010 0.000002
271,2,3,1.002703,0.331769,0.049911 0.150439 0.225887 0.225278 0.167876 0.099707 0.049165 0.020701 0.007598 0.002470 0.000720 0.000190 0.000046 0.000010 0.000002
272,3,2,1.001009,0.330550,0.049362 0.149333 0.225057 0.225284 0.168508 0.100457 0.049721 0.021014 0.007742 0.002526 0.000739 0.000196 0.000047 0.000011 0.000002
273,3,2,1.004718,0.329337,0.048819 0.148234 0.224224 0.225282 0.169132 0.101206 0.050279 0.021330 0.007888 0.002583 0.000759 0.000202 0.000049 0.000011 0.000002
274,3,2,1.008425,0.328136,0.048282 0.147140 0.223388 0.225270 0.169750 0.101953 0.050839 0.021649 0.008036 0.002642 0.000779 0.000208 0.000051 0.000011 0.000002
275,3,2,1.012137,0.326943,0.047751 0.146053 0.222549 0.225250 0.170361 0.102699 0.051401 0.021970 0.008186 0.002701 0.000799 0.000214 0.000052 0.000012 0.000002
276,3,2,1.015841,0.325755,0.047225 0.144971 0.221708 0.225220 0.170964 0.103443 0.051966 0.022293 0.008338 0.002761 0.000820 0.000221 0.000054 0.000012 0.000003
277,3,2,1.019546,0.324582,0.046706 0.143896 0.220864 0.225181 0.171561 0.104186 0.052532 0.022620 0.008491 0.002823 0.000841 0.000227 0.000056 0.000013 0.000003 0.000001
278,3,2,1.023257,0.323412,0.046192 0.142827 0.220017 0.225134 0.172151 0.104927 0.053100 0.022949 0.008646 0.002885 0.000863 0.000234 0.000058 0.000013 0.000003 0.000001
279,3,2,1.026961,0.322254,0.045684 0.141764 0.219168 0.225077 0.172734 0.105666 0.053670 0.023281 0.008804 0.002948 0.000885 0.000241 0.000060 0.000014 0.000003 0.000001
280,3,2,1.030666,0.321107,0.045182 0.140707 0.218317 0.225012 0.173310 0.106404 0.054242 0.023615 0.008963 0.003013 0.000908 0.000248 0.000062 0.000014 0.000003 0.000001
281,3,2,1.034378,0.319965,0.044685 0.139656 0.217463 0.224939 0.173878 0.107140 0.054816 0.023952 0.009124 0.003078 0.000931 0.000255 0.000064 0.000015 0.000003 0.000001
282,3,2,1.038087,0.318825,0.044193 0.138612 0.216607 0.224857 0.174440 0.107874 0.055391 0.024291 0.009287 0.003145 0.000955 0.000263 0.000066 0.000015 0.000003 0.000001
283,3,2,1.041794,0.317700,0.043707 0.137573 0.215749 0.224766 0.174995 0.108606 0.055969 0.024633 0.009452 0.003212 0.000979 0.000270 0.000068 0.000016 0.000003 0.000001
284,3,2,1.045503,0.316579,0.043226 0.136541 0.214889 0.224667 0.175542 0.109337 0.056548 0.024978 0.009619 0.003281 0.001004 0.000278 0.000070 0.000016 0.000004 0.000001
285,3,2,1.049209,0.315473,0.042751 0.135514 0.214027 0.224559 0.176082 0.110065 0.057128 0.025325 0.009788 0.003351 0.001029 0.000286 0.000073 0.000017 0.000004 0.000001
286,3,2,1.052912,0.314363,0.042280 0.134494 0.213164 0.224443 0.176616 0.110791 0.057711 0.025675 0.009959 0.003422 0.001054 0.000294 0.000075 0.000018 0.000004 0.000001
287,3,2,1.056623,0.313270,0.041815 0.133479 0.212298 0.224319 0.177142 0.111515 0.058295 0.026028 0.010132 0.003493 0.001080 0.000303 0.000077 0.000018 0.000004 0.000001
288,3,2,1.060332,0.312182,0.041355 0.132471 0.211431 0.224187 0.177661 0.112237 0.058880 0.026382 0.010307 0.003566 0.001107 0.000311 0.000080 0.000019 0.000004 0.000001
289,3,2,1.064038,0.311100,0.040900 0.131469 0.210563 0.224047 0.178173 0.112957 0.059467 0.026740 0.010484 0.003641 0.001134 0.000320 0.000082 0.000020 0.000004 0.000001
290,3,2,1.067742,0.310036,0.040451 0.130472 0.209693 0.223898 0.178677 0.113674 0.060055 0.027100 0.010663 0.003716 0.001161 0.000329 0.000085 0.000020 0.000004 0.000001
291,3,2,1.071454,0.308970,0.040006 0.129482 0.208821 0.223742 0.179175 0.114389 0.060645 0.027462 0.010843 0.003792 0.001189 0.000338 0.000088 0.000021 0.000005 0.000001
292,3,2,1.075163,0.307911,0.039566 0.128498 0.207948 0.223578 0.179665 0.115102 0.061236 0.027827 0.011026 0.003870 0.001218 0.000347 0.000090 0.000022 0.000005 0.000001
293,3,2,1.078865,0.306854,0.039130 0.127520 0.207075 0.223406 0.180148 0.115812 0.061829 0.028195 0.011211 0.003949 0.001247 0.000357 0.000093 0.000022 0.000005 0.000001
294,3,2,1.082576,0.305815,0.038700 0.126547 0.206199 0.223226 0.180624 0.116520 0.062423 0.028565 0.011398 0.004028 0.001277 0.000367 0.000096 0.000023 0.000005 0.000001
295,3,2,1.086284,0.304775,0.038274 0.125581 0.205323 0.223039 0.181092 0.117225 0.063018 0.028937 0.011587 0.004110 0.001307 0.000377 0.000099 0.000024 0.000005 0.000001
296,3,2,1.089990,0.303745,0.037853 0.124621 0.204446 0.222844 0.181554 0.117927 0.063614 0.029312 0.011778 0.004192 0.001338 0.000387 0.000102 0.000025 0.000006 0.000001
297,3,2,1.093698,0.302727,0.037437 0.123666 0.203568 0.222642 0.182008 0.118627 0.064211 0.029690 0.011970 0.004275 0.001369 0.000397 0.000105 0.000026 0.000006 0.000001
298,3,2,1.097405,0.301708,0.037025 0.122718 0.202689 0.222432 0.182455 0.119324 0.064810 0.030069 0.012165 0.004360 0.001401 0.000408 0.000109 0.000027 0.000006 0.000001
299,3,2,1.101115,0.300702,0.036618 0.121775 0.201809 0.222215 0.182895 0.120019 0.065410 0.030451 0.012362 0.004446 0.001434 0.000419 0.000112 0.000027 0.000006 0.000001
300,3,2,1.104818,0.299699,0.036215 0.120838 0.200929 0.221990 0.183327 0.120711 0.066010 0.030836 0.012561 0.004533 0.001467 0.000430 0.000115 0.000028 0.000006 0.000001
301,3,2,1.108529,0.298704,0.035817 0.119908 0.200048 0.221759 0.183753 0.121399 0.066612 0.031223 0.012762 0.004621 0.001501 0.000442 0.000119 0.000029 0.000007 0.000001
302,3,2,1.112232,0.297715,0.035423 0.118983 0.199167 0.221520 0.184171 0.122085 0.067215 0.031612 0.012965 0.004711 0.001535 0.000453 0.000122 0.000030 0.000007 0.000001
303,3,2,1.115945,0.296731,0.035033 0.118063 0.198284 0.221274 0.184581 0.122768 0.067818 0.032004 0.013170 0.004801 0.001570 0.000465 0.000126 0.000031 0.000007 0.000002
304,3,2,1.119649,0.295758,0.034648 0.117150 0.197402 0.221021 0.184985 0.123448 0.068423 0.032398 0.013378 0.004894 0.001606 0.000477 0.000130 0.000032 0.000007 0.000002
305,3,2,1.123357,0.294779,0.034266 0.116243 0.196519 0.220761 0.185381 0.124125 0.069028 0.032794 0.013587 0.004987 0.001642 0.000490 0.000133 0.000033 0.000008 0.000002
306,3,2,1.127068,0.293824,0.033890 0.115341 0.195636 0.220495 0.185771 0.124799 0.069634 0.033193 0.013798 0.005081 0.001679 0.000502 0.000137 0.000035 0.000008 0.000002
307,3,2,1.130771,0.292866,0.033517 0.114445 0.194753 0.220221 0.186153 0.125469 0.070241 0.033593 0.014011 0.005177 0.001716 0.000515 0.000141 0.000036 0.000008 0.000002
308,3,2,1.134477,0.291911,0.033148 0.113555 0.193870 0.219941 0.186527 0.126137 0.070848 0.033997 0.014227 0.005275 0.001754 0.000529 0.000145 0.000037 0.000009 0.000002
309,3,2,1.138186,0.290965,0.032783 0.112670 0.192986 0.219654 0.186895 0.126801 0.071457 0.034402 0.014444 0.005373 0.001793 0.000542 0.000150 0.000038 0.000009 0.000002
310,3,2,1.141893,0.290032,0.032423 0.111791 0.192103 0.219361 0.187255 0.127462 0.072065 0.034810 0.014664 0.005473 0.001832 0.000556 0.000154 0.000039 0.000009 0.000002
311,3,2,1.145603,0.289096,0.032066 0.110918 0.191219 0.219061 0.187608 0.128120 0.072675 0.035219 0.014885 0.005574 0.001872 0.000570 0.000158 0.000041 0.000010 0.000002
312,3,2,1.149310,0.288166,0.031713 0.110051 0.190336 0.218755 0.187954 0.128774 0.073285 0.035631 0.015109 0.005676 0.001913 0.000584 0.000163 0.000042 0.000010 0.000002
313,3,2,1.153014,0.287254,0.031365 0.109189 0.189453 0.218442 0.188293 0.129425 0.073895 0.036046 0.015335 0.005780 0.001954 0.000599 0.000168 0.000043 0.000010 0.000002
314,3,4,1.156384,0.286339,0.031020 0.108333 0.188570 0.218123 0.188625 0.130073 0.074506 0.036462 0.015563 0.005885 0.001996 0.000614 0.000172 0.000045 0.000011 0.000002
315,3,4,1.152681,0.285422,0.030678 0.107483 0.187687 0.217798 0.188949 0.130717 0.075117 0.036880 0.015793 0.005992 0.002039 0.000629 0.000177 0.000046 0.000011 0.000002 0.000001
316,3,4,1.148996,0.284523,0.030341 0.106638 0.186805 0.217467 0.189267 0.131358 0.075729 0.037301 0.016025 0.006099 0.002083 0.000644 0.000182 0.000047 0.000011 0.000003 0.000001
317,3,4,1.145339,0.283623,0.030007 0.105799 0.185923 0.217130 0.189577 0.131995 0.076341 0.037724 0.016259 0.006209 0.002127 0.000660 0.000187 0.000049 0.000012 0.000003 0.000001
318,3,4,1.141700,0.282732,0.029677 0.104965 0.185042 0.216786 0.189880 0.132628 0.076953 0.038149 0.016495 0.006319 0.002172 0.000676 0.000192 0.000050 0.000012 0.000003 0.000001
319,3,4,1.138088,0.281850,0.029351 0.104137 0.184161 0.216437 0.190176 0.133258 0.077565 0.038575 0.016733 0.006431 0.002217 0.000693 0.000198 0.000052 0.000013 0.000003 0.000001
320,3,4,1.134497,0.280969,0.029028 0.103314 0.183281 0.216082 0.190465 0.133884 0.078178 0.039004 0.016973 0.006544 0.002264 0.000710 0.000203 0.000054 0.000013 0.000003 0.000001
321,3,4,1.130927,0.280086,0.028708 0.102497 0.182401 0.215721 0.190747 0.134506 0.078791 0.039435 0.017215 0.006659 0.002311 0.000727 0.000209 0.000055 0.000014 0.000003 0.000001
322,3,4,1.127389,0.279225,0.028393 0.101685 0.181522 0.215355 0.191021 0.135125 0.079404 0.039868 0.017460 0.006775 0.002359 0.000744 0.000214 0.000057 0.000014 0.000003 0.000001
323,3,4,1.123865,0.278353,0.028080 0.100879 0.180644 0.214983 0.191289 0.135740 0.080016 0.040303 0.017706 0.006893 0.002407 0.000762 0.000220 0.000059 0.000014 0.000003 0.000001
324,3,4,1.120360,0.277494,0.027771 0.100078 0.179767 0.214605 0.191550 0.136351 0.080629 0.040740 0.017955 0.007012 0.002457 0.000780 0.000226 0.000060 0.000015 0.000003 0.000001
325,3,4,1.116886,0.276644,0.027466 0.099283 0.178890 0.214222 0.191803 0.136958 0.081242 0.041179 0.018206 0.007132 0.002507 0.000798 0.000232 0.000062 0.000015 0.000004 0.000001
326,3,4,1.113424,0.275796,0.027164 0.098493 0.178014 0.213833 0.192050 0.137561 0.081855 0.041619 0.018458 0.007254 0.002558 0.000817 0.000239 0.000064 0.000016 0.000004 0.000001
327,3,4,1.109991,0.274952,0.026865 0.097708 0.177140 0.213439 0.192289 0.138161 0.082468 0.042062 0.018713 0.007377 0.002609 0.000836 0.000245 0.000066 0.000016 0.000004 0.000001
328,3,4,1.106575,0.274118,0.026570 0.096929 0.176266 0.213040 0.192522 0.138756 0.083081 0.042506 0.018970 0.007502 0.002662 0.000856 0.000251 0.000068 0.000017 0.000004 0.000001
329,3,4,1.103176,0.273278,0.026277 0.096155 0.175393 0.212635 0.192748 0.139347 0.083693 0.042953 0.019229 0.007628 0.002715 0.000876 0.000258 0.000070 0.000018 0.000004 0.000001
330,3,4,1.099805,0.272451,0.025988 0.095386 0.174521 0.212226 0.192967 0.139935 0.084305 0.043401 0.019490 0.007756 0.002769 0.000896 0.000265 0.000072 0.000018 0.000004 0.000001
331,3,4,1.096455,0.271625,0.025702 0.094623 0.173651 0.211811 0.193178 0.140518 0.084917 0.043851 0.019753 0.007885 0.002824 0.000917 0.000272 0.000074 0.000019 0.000004 0.000001
332,3,4,1.093121,0.270814,0.025420 0.093865 0.172782 0.211391 0.193383 0.141097 0.085529 0.044302 0.020018 0.008015 0.002879 0.000938 0.000279 0.000076 0.000019 0.000005 0.000001
333,3,4,1.089807,0.269997,0.025140 0.093112 0.171914 0.210966 0.193581 0.141673 0.086140 0.044756 0.020285 0.008147 0.002936 0.000959 0.000286 0.000079 0.000020 0.000005 0.000001
334,3,4,1.086514,0.269185,0.024863 0.092364 0.171047 0.210537 0.193773 0.142244 0.086751 0.045211 0.020554 0.008281 0.002993 0.000981 0.000294 0.000081 0.000021 0.000005 0.000001
335,3,4,1.083240,0.268385,0.024590 0.091622 0.170181 0.210102 0.193957 0.142810 0.087361 0.045668 0.020825 0.008416 0.003051 0.001003 0.000301 0.000083 0.000021 0.000005 0.000001
336,3,4,1.079986,0.267583,0.024319 0.090884 0.169317 0.209663 0.194135 0.143373 0.087971 0.046127 0.021099 0.008552 0.003110 0.001025 0.000309 0.000086 0.000022 0.000005 0.000001
337,3,4,1.076761,0.266794,0.024052 0.090152 0.168454 0.209220 0.194305 0.143931 0.088581 0.046587 0.021374 0.008690 0.003170 0.001048 0.000317 0.000088 0.000023 0.000005 0.000001
338,3,4,1.073538,0.265999,0.023787 0.089425 0.167593 0.208771 0.194470 0.144486 0.089190 0.047049 0.021651 0.008830 0.003231 0.001072 0.000325 0.000091 0.000023 0.000006 0.000001
339,3,4,1.070345,0.265222,0.023526 0.088703 0.166733 0.208318 0.194627 0.145035 0.089798 0.047513 0.021931 0.008971 0.003293 0.001095 0.000333 0.000093 0.000024 0.000006 0.000001
340,3,4,1.067174,0.264440,0.023267 0.087986 0.165875 0.207861 0.194777 0.145581 0.090405 0.047978 0.022212 0.009113 0.003355 0.001119 0.000341 0.000096 0.000025 0.000006 0.000001
341,3,4,1.064016,0.263664,0.023011 0.087274 0.165018 0.207399 0.194921 0.146122 0.091012 0.048444 0.022496 0.009258 0.003418 0.001144 0.000350 0.000099 0.000026 0.000006 0.000001
342,3,4,1.060874,0.262895,0.022758 0.086567 0.164163 0.206933 0.195059 0.146659 0.091619 0.048913 0.022781 0.009403 0.003483 0.001169 0.000359 0.000101 0.000026 0.000006 0.000001
343,3,4,1.057754,0.262132,0.022508 0.085865 0.163309 0.206462 0.195189 0.147191 0.092224 0.049382 0.023068 0.009550 0.003548 0.001195 0.000368 0.000104 0.000027 0.000007 0.000002
344,3,4,1.054656,0.261363,0.022260 0.085169 0.162457 0.205988 0.195313 0.147719 0.092829 0.049854 0.023358 0.009699 0.003614 0.001220 0.000377 0.000107 0.000028 0.000007 0.000002
345,3,4,1.051568,0.260603,0.022015 0.084477 0.161607 0.205509 0.195431 0.148243 0.093432 0.050326 0.023649 0.009849 0.003681 0.001247 0.000386 0.000110 0.000029 0.000007 0.000002
346,3,4,1.048501,0.259855,0.021773 0.083789 0.160759 0.205026 0.195542 0.148762 0.094035 0.050801 0.023943 0.010001 0.003749 0.001274 0.000395 0.000113 0.000030 0.000007 0.000002
347,3,4,1.045455,0.259100,0.021533 0.083107 0.159912 0.204539 0.195646 0.149276 0.094637 0.051276 0.024238 0.010154 0.003817 0.001301 0.000405 0.000116 0.000031 0.000008 0.000002
348,3,4,1.042423,0.258365,0.021297 0.082430 0.159067 0.204048 0.195744 0.149786 0.095238 0.051753 0.024536 0.010309 0.003887 0.001328 0.000415 0.000119 0.000032 0.000008 0.000002
349,3,4,1.039411,0.257617,0.021062 0.081757 0.158224 0.203553 0.195835 0.150292 0.095838 0.052231 0.024835 0.010466 0.003958 0.001357 0.000425 0.000123 0.000033 0.000008 0.000002
350,3,4,1.036418,0.256887,0.020831 0.081090 0.157383 0.203055 0.195920 0.150793 0.096437 0.052711 0.025136 0.010624 0.004029 0.001385 0.000435 0.000126 0.000034 0.000008 0.000002
351,3,4,1.033439,0.256145,0.020601 0.080427 0.156544 0.202552 0.195998 0.151289 0.097035 0.053192 0.025440 0.010784 0.004102 0.001414 0.000446 0.000129 0.000035 0.000009 0.000002
352,3,4,1.030479,0.255425,0.020375 0.079769 0.155707 0.202046 0.196070 0.151781 0.097632 0.053674 0.025745 0.010945 0.004175 0.001444 0.000456 0.000133 0.000036 0.000009 0.000002
353,3,4,1.027532,0.254702,0.020151 0.079116 0.154871 0.201536 0.196136 0.152268 0.098228 0.054158 0.026052 0.011108 0.004250 0.001474 0.000467 0.000136 0.000037 0.000009 0.000002
354,3,4,1.024603,0.253979,0.019929 0.078467 0.154038 0.201023 0.196196 0.152751 0.098822 0.054643 0.026361 0.011272 0.004325 0.001504 0.000478 0.000140 0.000038 0.000010 0.000002
355,3,4,1.021692,0.253267,0.019710 0.077823 0.153207 0.200506 0.196249 0.153229 0.099415 0.055129 0.026672 0.011438 0.004402 0.001535 0.000490 0.000144 0.000039 0.000010 0.000002 0.000001
356,3,4,1.018798,0.252552,0.019493 0.077184 0.152378 0.199986 0.196296 0.153702 0.100007 0.055616 0.026985 0.011605 0.004479 0.001567 0.000501 0.000147 0.000040 0.000010 0.000002 0.000001
357,3,4,1.015922,0.251852,0.019279 0.076549 0.151550 0.199462 0.196336 0.154171 0.100598 0.056104 0.027300 0.011775 0.004557 0.001599 0.000513 0.000151 0.000041 0.000011 0.000003 0.000001
358,3,4,1.013057,0.251149,0.019067 0.075919 0.150725 0.198935 0.196371 0.154634 0.101187 0.056594 0.027617 0.011945 0.004637 0.001632 0.000525 0.000155 0.000043 0.000011 0.000003 0.000001
359,3,4,1.010214,0.250445,0.018857 0.075294 0.149903 0.198405 0.196399 0.155093 0.101775 0.057084 0.027936 0.012118 0.004717 0.001665 0.000537 0.000159 0.000044 0.000011 0.000003 0.000001
360,3,4,1.007382,0.249742,0.018649 0.074673 0.149082 0.197871 0.196421 0.155548 0.102362 0.057576 0.028257 0.012292 0.004799 0.001698 0.000549 0.000164 0.000045 0.000012 0.000003 0.000001
361,3,4,1.004571,0.249051,0.018444 0.074057 0.148263 0.197335 0.196437 0.155997 0.102947 0.058068 0.028579 0.012467 0.004881 0.001732 0.000562 0.000168 0.000046 0.000012 0.000003 0.000001
362,3,4,1.001771,0.248363,0.018241 0.073445 0.147447 0.196795 0.196447 0.156442 0.103530 0.058562 0.028904 0.012645 0.004965 0.001767 0.000575 0.000172 0.000048 0.000012 0.000003 0.000001
363,4,3,1.001009,0.247687,0.018041 0.072838 0.146633 0.196252 0.196450 0.156882 0.104112 0.059057 0.029230 0.012824 0.005049 0.001802 0.000588 0.000177 0.000049 0.000013 0.000003 0.000001
364,4,3,1.003791,0.246999,0.017842 0.072235 0.145821 0.195706 0.196448 0.157318 0.104693 0.059552 0.029558 0.013004 0.005135 0.001838 0.000601 0.000181 0.000050 0.000013 0.000003 0.000001
365,4,3,1.006574,0.246325,0.017646 0.071637 0.145012 0.195157 0.196440 0.157748 0.105272 0.060049 0.029888 0.013186 0.005221 0.001874 0.000615 0.000186 0.000052 0.000014 0.000003 0.000001
366,4,3,1.009352,0.245654,0.017452 0.071043 0.144205 0.194606 0.196426 0.158174 0.105849 0.060546 0.030220 0.013370 0.005309 0.001911 0.000629 0.000190 0.000053 0.000014 0.000003 0.000001
367,4,3,1.012136,0.244986,0.017260 0.070453 0.143400 0.194051 0.196406 0.158594 0.106424 0.061045 0.030553 0.013555 0.005397 0.001948 0.000643 0.000195 0.000055 0.000014 0.000004 0.000001
368,4,3,1.014915,0.244318,0.017070 0.069868 0.142598 0.193494 0.196380 0.159010 0.106998 0.061544 0.030889 0.013742 0.005487 0.001986 0.000657 0.000200 0.000056 0.000015 0.000004 0.000001
369,4,3,1.017695,0.243653,0.016882 0.069287 0.141798 0.192934 0.196348 0.159421 0.107570 0.062044 0.031226 0.013931 0.005578 0.002025 0.000672 0.000205 0.000058 0.000015 0.000004 0.000001
370,4,3,1.020476,0.243003,0.016697 0.068711 0.141000 0.192372 0.196311 0.159828 0.108141 0.062545 0.031565 0.014121 0.005670 0.002064 0.000687 0.000210 0.000060 0.000016 0.000004 0.000001
371,4,3,1.023253,0.242343,0.016513 0.068139 0.140205 0.191807 0.196267 0.160229 0.108709 0.063046 0.031906 0.014313 0.005763 0.002103 0.000702 0.000216 0.000061 0.000016 0.000004 0.000001
372,4,3,1.026035,0.241687,0.016331 0.067571 0.139412 0.191239 0.196218 0.160625 0.109276 0.063548 0.032248 0.014506 0.005857 0.002144 0.000717 0.000221 0.000063 0.000017 0.000004 0.000001
373,4,3,1.028820,0.241049,0.016152 0.067007 0.138622 0.190669 0.196164 0.161017 0.109841 0.064051 0.032592 0.014702 0.005952 0.002185 0.000733 0.000226 0.000065 0.000017 0.000004 0.000001
374,4,3,1.031594,0.240399,0.015974 0.066448 0.137834 0.190097 0.196103 0.161403 0.110404 0.064555 0.032938 0.014898 0.006048 0.002226 0.000749 0.000232 0.000067 0.000018 0.000004 0.000001
375,4,3,1.034376,0.239752,0.015798 0.065893 0.137049 0.189522 0.196037 0.161785 0.110965 0.065059 0.033286 0.015097 0.006146 0.002268 0.000765 0.000238 0.000068 0.000018 0.000005 0.000001
376,4,3,1.037154,0.239111,0.015624 0.065342 0.136266 0.188945 0.195965 0.162162 0.111524 0.065564 0.033636 0.015297 0.006244 0.002311 0.000782 0.000243 0.000070 0.000019 0.000005 0.000001
377,4,3,1.039938,0.238491,0.015453 0.064795 0.135486 0.188365 0.195888 0.162534 0.112081 0.066070 0.033987 0.015499 0.006344 0.002354 0.000799 0.000249 0.000072 0.000019 0.000005 0.000001
378,4,3,1.042720,0.237860,0.015283 0.064252 0.134708 0.187783 0.195805 0.162901 0.112636 0.066576 0.034340 0.015702 0.006444 0.002398 0.000816 0.000255 0.000074 0.000020 0.000005 0.000001
379,4,3,1.045497,0.237236,0.015115 0.063713 0.133933 0.187200 0.195717 0.163263 0.113189 0.067083 0.034694 0.015907 0.006546 0.002442 0.000833 0.000262 0.000076 0.000021 0.000005 0.000001
380,4,3,1.048281,0.236598,0.014948 0.063179 0.133161 0.186614 0.195624 0.163620 0.113740 0.067590 0.035051 0.016114 0.006649 0.002488 0.000851 0.000268 0.000078 0.000021 0.000005 0.000001
381,4,3,1.051057,0.235985,0.014784 0.062648 0.132391 0.186026 0.195524 0.163972 0.114288 0.068098 0.035409 0.016322 0.006753 0.002533 0.000869 0.000274 0.000080 0.000022 0.000006 0.000001
382,4,3,1.053841,0.235359,0.014621 0.062122 0.131624 0.185436 0.195420 0.164319 0.114835 0.068606 0.035768 0.016532 0.006858 0.002580 0.000887 0.000281 0.000082 0.000022 0.000006 0.000001
383,4,3,1.056621,0.234744,0.014460 0.061599 0.130859 0.184844 0.195310 0.164661 0.115379 0.069114 0.036129 0.016744 0.006965 0.002627 0.000906 0.000287 0.000085 0.000023 0.000006 0.000001
384,4,3,1.059403,0.234132,0.014301 0.061081 0.130097 0.184250 0.195195 0.164998 0.115921 0.069623 0.036492 0.016957 0.007072 0.002675 0.000925 0.000294 0.000087 0.000024 0.000006 0.000001
385,4,3,1.062188,0.233530,0.014144 0.060566 0.129338 0.183654 0.195075 0.165330 0.116461 0.070132 0.036857 0.017172 0.007181 0.002723 0.000944 0.000301 0.000089 0.000024 0.000006 0.000002
386,4,3,1.064963,0.232920,0.013988 0.060055 0.128582 0.183057 0.194949 0.165657 0.116999 0.070642 0.037223 0.017388 0.007291 0.002772 0.000963 0.000308 0.000091 0.000025 0.000006 0.000002
387,4,3,1.067742,0.232330,0.013835 0.059549 0.127828 0.182458 0.194818 0.165980 0.117534 0.071152 0.037590 0.017606 0.007402 0.002822 0.000983 0.000315 0.000094 0.000026 0.000007 0.000002
388,4,3,1.070522,0.231718,0.013682 0.059046 0.127077 0.181857 0.194682 0.166297 0.118067 0.071662 0.037960 0.017826 0.007514 0.002872 0.001004 0.000323 0.000096 0.000027 0.000007 0.000002
389,4,3,1.073306,0.231131,0.013532 0.058547 0.126329 0.181254 0.194541 0.166609 0.118597 0.072173 0.038330 0.018048 0.007628 0.002923 0.001024 0.000330 0.000099 0.000027 0.000007 0.000002
390,4,3,1.076086,0.230535,0.013383 0.058052 0.125583 0.180650 0.194395 0.166916 0.119125 0.072683 0.038703 0.018271 0.007742 0.002975 0.001045 0.000338 0.000101 0.000028 0.000007 0.000002
391,4,3,1.078870,0.229951,0.013236 0.057560 0.124840 0.180044 0.194244 0.167219 0.119651 0.073194 0.039076 0.018496 0.007858 0.003027 0.001066 0.000346 0.000104 0.000029 0.000008 0.000002
392,4,3,1.081650,0.229355,0.013090 0.057073 0.124100 0.179437 0.194088 0.167516 0.120174 0.073705 0.039452 0.018722 0.007975 0.003080 0.001088 0.000354 0.000106 0.000030 0.000008 0.000002
393,4,3,1.084427,0.228772,0.012946 0.056589 0.123363 0.178828 0.193926 0.167808 0.120695 0.074216 0.039828 0.018950 0.008093 0.003134 0.001110 0.000362 0.000109 0.000031 0.000008 0.000002
394,4,3,1.087208,0.228199,0.012804 0.056109 0.122628 0.178218 0.193760 0.168095 0.121213 0.074728 0.040207 0.019180 0.008213 0.003189 0.001132 0.000370 0.000112 0.000032 0.000008 0.000002
395,4,3,1.089985,0.227617,0.012663 0.055633 0.121897 0.177607 0.193589 0.168378 0.121729 0.075239 0.040586 0.019411 0.008334 0.003244 0.001155 0.000378 0.000115 0.000032 0.000009 0.000002
396,4,3,1.092772,0.227049,0.012524 0.055160 0.121168 0.176994 0.193414 0.168655 0.122242 0.075750 0.040968 0.019644 0.008455 0.003300 0.001178 0.000387 0.000118 0.000033 0.000009 0.000002 0.000001
397,4,3,1.095549,0.226472,0.012386 0.054691 0.120442 0.176380 0.193233 0.168927 0.122753 0.076262 0.041350 0.019878 0.008578 0.003357 0.001201 0.000396 0.000121 0.000034 0.000009 0.000002 0.000001
398,4,3,1.098336,0.225911,0.012250 0.054225 0.119718 0.175764 0.193048 0.169195 0.123261 0.076773 0.041734 0.020115 0.008703 0.003414 0.001225 0.000404 0.000124 0.000035 0.000009 0.000002 0.000001
399,4,3,1.101109,0.225337,0.012115 0.053764 0.118998 0.175148 0.192857 0.169457 0.123766 0.077284 0.042120 0.020352 0.008828 0.003472 0.001249 0.000413 0.000127 0.000036 0.000010 0.000002 0.000001
400,4,3,1.103896,0.224778,0.011982 0.053306 0.118280 0.174530 0.192663 0.169715 0.124269 0.077796 0.042506 0.020592 0.008955 0.003531 0.001273 0.000423 0.000130 0.000037 0.000010 0.000003 0.000001
