5 -7 96.4138
-1 -7 96.0998
5 -1 96.6617
-1 -1 96.513
11 -7 96.4882
11 -1 97.0666
5 -13 96.0998
-1 -13 85.7214
11 -13 96.3725
-3 -7 85.9279
-3 -1 96.4386
-3 -13 85.7214
5 1 97.3889
-1 1 96.6287
11 1 97.769
-3 1 96.5212
9 -7 96.4964
9 -1 96.9096
9 -13 96.3477
9 1 97.6615
5 -11 96.2899
-1 -11 85.7214
11 -11 96.3973
-3 -11 85.7214
9 -11 96.3808
3 -7 96.356
3 -1 96.6369
3 -13 85.9527
3 1 97.0418
3 -11 96.0998
5 -5 96.4882
-1 -5 96.2981
11 -5 96.6287
-3 -5 96.1081
9 -5 96.5295
3 -5 96.4138
15 -7 96.4799
15 -1 97.455
15 -13 96.3642
15 1 98.083
15 -11 96.3973
15 -5 96.5873
5 -15 85.9527
-1 -15 85.7214
11 -15 96.3477
-3 -15 85.7214
9 -15 96.2899
3 -15 85.7214
15 -15 96.389
-5 -7 85.7214
-5 -1 96.3973
-5 -13 85.7214
-5 1 96.3477
-5 -11 85.7214
-5 -5 85.8453
-5 -15 85.7214
5 3 97.9177
-1 3 97.2484
11 3 98.1821
-3 3 96.5626
9 3 98.1656
3 3 97.8185
15 3 97.9921
-5 3 95.9924
7 -7 96.4056
7 -1 96.7609
7 -13 96.2899
7 1 97.5293
7 -11 96.3477
7 -5 96.5047
7 -15 96.0998
7 3 98.0169
5 -9 96.356
-1 -9 85.9362
11 -9 96.389
-3 -9 85.7214
9 -9 96.3973
3 -9 96.2899
15 -9 96.4964
-5 -9 85.7214
7 -9 96.3808
1 -7 96.2899
1 -1 96.5873
1 -13 85.7214
1 1 96.7443
1 -11 85.9527
1 -5 96.389
1 -15 85.7214
1 3 97.5872
1 -9 96.0998
5 -3 96.5378
-1 -3 96.389
11 -3 96.6039
-3 -3 96.3064
9 -3 96.6121
3 -3 96.5378
15 -3 96.827
-5 -3 96.1411
7 -3 96.6121
1 -3 96.4882
13 -7 96.546
13 -1 97.1988
13 -13 96.3973
13 1 97.8929
13 -11 96.3973
13 -5 96.6039
13 -15 96.3725
13 3 98.2152
13 -9 96.4964
13 -3 96.7113
