5 -7 97.5457
-1 -7 97.3672
5 -1 97.5011
-1 -1 97.5457
11 -7 97.5904
11 -1 97.3226
5 -13 97.3672
-1 -13 55.9125
11 -13 97.5457
-3 -7 96.921
-3 -1 97.6796
-3 -13 55.9125
5 1 97.5904
-1 1 97.4119
11 1 97.1888
-3 1 97.5457
9 -7 97.5457
9 -1 97.3672
9 -13 97.6796
9 1 97.3226
5 -11 97.5011
-1 -11 55.9125
11 -11 97.5457
-3 -11 55.9125
9 -11 97.5457
3 -7 97.6796
3 -1 97.4565
3 -13 96.8764
3 1 97.5457
3 -11 97.3672
5 -5 97.5457
-1 -5 97.5457
11 -5 97.3672
-3 -5 97.3226
9 -5 97.5011
3 -5 97.5457
15 -7 97.4119
15 -1 97.278
15 -13 97.635
15 1 96.9656
15 -11 97.5904
15 -5 97.4565
5 -15 96.8764
-1 -15 55.9125
11 -15 97.6796
-3 -15 55.9125
9 -15 97.5011
3 -15 55.9125
15 -15 97.5457
-5 -7 55.9125
-5 -1 97.635
-5 -13 55.9125
-5 1 97.635
-5 -11 55.9125
-5 -5 96.8764
-5 -15 55.9125
5 3 97.278
-1 3 97.635
11 3 96.2963
-3 3 97.4565
9 3 96.9656
3 3 97.5904
15 3 96.0286
-5 3 97.3672
7 -7 97.5011
7 -1 97.4565
7 -13 97.5011
7 1 97.278
7 -11 97.6796
7 -5 97.635
7 -15 97.3672
7 3 97.0549
5 -9 97.6796
-1 -9 96.8764
11 -9 97.5904
-3 -9 55.9125
9 -9 97.4565
3 -9 97.5011
15 -9 97.5904
-5 -9 55.9125
7 -9 97.5457
1 -7 97.5011
1 -1 97.5457
1 -13 55.9125
1 1 97.4565
1 -11 96.8764
1 -5 97.635
1 -15 55.9125
1 3 97.6796
1 -9 97.3672
5 -3 97.5457
-1 -3 97.635
11 -3 97.4565
-3 -3 97.5457
9 -3 97.4565
3 -3 97.5904
15 -3 97.3226
-5 -3 97.3226
7 -3 97.3672
1 -3 97.635
13 -7 97.5011
13 -1 97.4119
13 -13 97.5457
13 1 96.7425
13 -11 97.5904
13 -5 97.3226
13 -15 97.5457
13 3 95.8947
13 -9 97.5904
13 -3 97.3226
