5 -7 97.2334
-1 -7 95.9839
5 -1 97.5011
-1 -1 97.1888
11 -7 97.4119
11 -1 97.3226
5 -13 95.9839
-1 -13 55.9125
11 -13 97.2334
-3 -7 95.6716
-3 -1 97.2334
-3 -13 55.9125
5 1 97.3672
-1 1 97.3226
11 1 97.4119
-3 1 97.0995
9 -7 97.3672
9 -1 97.4119
9 -13 97.1441
9 1 97.2334
5 -11 96.9656
-1 -11 55.9125
11 -11 97.3226
-3 -11 55.9125
9 -11 97.2334
3 -7 97.1441
3 -1 97.3672
3 -13 95.5377
3 1 97.278
3 -11 95.9839
5 -5 97.278
-1 -5 96.9656
11 -5 97.3672
-3 -5 95.9839
9 -5 97.4119
3 -5 97.2334
15 -7 97.3672
15 -1 97.3672
15 -13 97.4119
15 1 96.921
15 -11 97.4119
15 -5 97.5457
5 -15 95.5377
-1 -15 55.9125
11 -15 97.1441
-3 -15 55.9125
9 -15 96.9656
3 -15 55.9125
15 -15 97.3672
-5 -7 55.9125
-5 -1 96.6087
-5 -13 55.9125
-5 1 97.1888
-5 -11 55.9125
-5 -5 95.9839
-5 -15 55.9125
5 3 97.3226
-1 3 97.3226
11 3 96.7871
-3 3 97.3226
9 3 96.7871
3 3 97.3226
15 3 96.4748
-5 3 97.1441
7 -7 97.3226
7 -1 97.5457
7 -13 96.9656
7 1 97.278
7 -11 97.1441
7 -5 97.4565
7 -15 95.9839
7 3 97.1441
5 -9 97.1441
-1 -9 95.6716
11 -9 97.4119
-3 -9 55.9125
9 -9 97.3226
3 -9 96.9656
15 -9 97.4119
-5 -9 55.9125
7 -9 97.2334
1 -7 96.9656
1 -1 97.2334
1 -13 55.9125
1 1 97.3672
1 -11 95.5377
1 -5 97.2334
1 -15 55.9125
1 3 97.2334
1 -9 95.9839
5 -3 97.4565
-1 -3 97.278
11 -3 97.5011
-3 -3 96.9656
9 -3 97.4565
3 -3 97.2334
15 -3 97.4565
-5 -3 95.9839
7 -3 97.3672
1 -3 97.1888
13 -7 97.4119
13 -1 97.2334
13 -13 97.3226
13 1 97.0549
13 -11 97.4119
13 -5 97.3226
13 -15 97.2334
13 3 96.3855
13 -9 97.4119
13 -3 97.5011
