5 -7 96.0732
-1 -7 95.3592
5 -1 97.3672
-1 -1 96.4748
11 -7 96.7425
11 -1 97.0103
5 -13 95.3592
-1 -13 44.0875
11 -13 96.0732
-3 -7 94.4668
-3 -1 96.2071
-3 -13 44.0875
5 1 97.6796
-1 1 97.4119
11 1 97.7242
-3 1 97.1888
9 -7 96.1624
9 -1 97.0995
9 -13 95.9839
9 1 97.7242
5 -11 95.9393
-1 -11 87.3717
11 -11 96.1178
-3 -11 44.0875
9 -11 96.0732
3 -7 95.8947
3 -1 97.0103
3 -13 94.4668
3 1 97.992
3 -11 95.3592
5 -5 96.1178
-1 -5 95.9839
11 -5 97.1441
-3 -5 95.3592
9 -5 96.6979
3 -5 96.0286
15 -7 97.0549
15 -1 97.0995
15 -13 96.1178
15 1 97.7242
15 -11 95.9393
15 -5 96.921
5 -15 94.4668
-1 -15 44.0875
11 -15 95.9839
-3 -15 44.0875
9 -15 95.9393
3 -15 87.4163
15 -15 96.0732
-5 -7 86.8362
-5 -1 95.7162
-5 -13 44.0875
-5 1 96.6979
-5 -11 44.0875
-5 -5 94.4221
-5 -15 44.0875
5 3 97.9473
-1 3 98.2597
11 3 97.9473
-3 3 98.0812
9 3 97.9473
3 3 98.0366
15 3 97.9473
-5 3 97.5904
7 -7 95.9839
7 -1 97.635
7 -13 95.9393
7 1 97.7689
7 -11 95.9839
7 -5 96.7425
7 -15 95.3592
7 3 97.9473
5 -9 95.9393
-1 -9 94.4668
11 -9 95.9839
-3 -9 87.1932
9 -9 96.0732
3 -9 95.9393
15 -9 96.6979
-5 -9 44.0875
7 -9 96.0732
1 -7 95.9839
1 -1 96.7425
1 -13 87.4163
1 1 97.9473
1 -11 94.4668
1 -5 95.9393
1 -15 44.0875
1 3 98.0812
1 -9 95.3592
5 -3 96.7871
-1 -3 96.0732
11 -3 97.1888
-3 -3 95.9393
9 -3 97.0549
3 -3 96.4302
15 -3 96.921
-5 -3 95.4038
7 -3 97.0995
1 -3 95.9839
13 -7 96.6979
13 -1 97.1888
13 -13 96.1178
13 1 97.7242
13 -11 96.0732
13 -5 96.921
13 -15 96.0732
13 3 97.9473
13 -9 96.0732
13 -3 97.5904
