5 -7 96.9656
-1 -7 95.3146
5 -1 97.0549
-1 -1 96.8764
11 -7 96.9656
11 -1 96.7871
5 -13 95.3146
-1 -13 55.9125
11 -13 96.9656
-3 -7 84.5605
-3 -1 96.7871
-3 -13 55.9125
5 1 96.7871
-1 1 97.0103
11 1 96.6533
-3 1 96.7425
9 -7 97.0103
9 -1 96.7871
9 -13 96.6979
9 1 96.7425
5 -11 96.564
-1 -11 55.9125
11 -11 97.0995
-3 -11 55.9125
9 -11 96.9656
3 -7 96.6979
3 -1 97.0549
3 -13 85.3191
3 1 96.8318
3 -11 95.3146
5 -5 97.0549
-1 -5 96.564
11 -5 97.0549
-3 -5 95.27
9 -5 96.921
3 -5 96.921
15 -7 96.9656
15 -1 96.8318
15 -13 97.0103
15 1 96.4748
15 -11 96.9656
15 -5 97.0549
5 -15 85.3191
-1 -15 55.9125
11 -15 96.6979
-3 -15 55.9125
9 -15 96.564
3 -15 55.9125
15 -15 97.0995
-5 -7 55.9125
-5 -1 96.564
-5 -13 55.9125
-5 1 96.6533
-5 -11 55.9125
-5 -5 82.5078
-5 -15 55.9125
5 3 96.564
-1 3 96.9656
11 3 96.3855
-3 3 97.0549
9 3 96.564
3 3 96.8318
15 3 96.2517
-5 3 96.8318
7 -7 97.0549
7 -1 97.0103
7 -13 96.564
7 1 96.7871
7 -11 96.6979
7 -5 96.9656
7 -15 95.27
7 3 96.564
5 -9 96.6979
-1 -9 85.0959
11 -9 97.0103
-3 -9 55.9125
9 -9 97.0995
3 -9 96.564
15 -9 96.9656
-5 -9 55.9125
7 -9 96.9656
1 -7 96.564
1 -1 96.9656
1 -13 55.9125
1 1 96.9656
1 -11 85.2744
1 -5 96.7425
1 -15 55.9125
1 3 96.8318
1 -9 95.3146
5 -3 96.9656
-1 -3 96.6979
11 -3 97.0995
-3 -3 96.564
9 -3 97.0103
3 -3 97.0995
15 -3 96.9656
-5 -3 95.27
7 -3 96.9656
1 -3 96.921
13 -7 96.921
13 -1 96.6533
13 -13 97.0995
13 1 96.6979
13 -11 97.0103
13 -5 96.9656
13 -15 96.9656
13 3 96.1624
13 -9 96.9656
13 -3 96.8764
