5 -7 87.104
-1 -7 82.8648
5 -1 95.9839
-1 -1 89.112
11 -7 89.3351
11 -1 97.0103
5 -13 82.9987
-1 -13 44.0875
11 -13 87.0593
-3 -7 71.7091
-3 -1 87.5948
-3 -13 44.0875
5 1 97.6796
-1 1 94.556
11 1 97.7242
-3 1 91.2539
9 -7 88.1749
9 -1 97.2334
9 -13 86.7024
9 1 97.7242
5 -11 85.676
-1 -11 44.0875
11 -11 86.8809
-3 -11 44.0875
9 -11 87.0147
3 -7 86.6577
3 -1 94.0651
3 -13 71.8429
3 1 97.7689
3 -11 82.9987
5 -5 88.1749
-1 -5 85.5422
11 -5 92.191
-3 -5 82.5524
9 -5 90.8523
3 -5 87.0147
15 -7 92.0125
15 -1 97.0995
15 -13 86.9255
15 1 97.7242
15 -11 87.2378
15 -5 94.9576
5 -15 71.8429
-1 -15 44.0875
11 -15 86.7024
-3 -15 44.0875
9 -15 85.7207
3 -15 44.0875
15 -15 86.8809
-5 -7 44.0875
-5 -1 85.8099
-5 -13 44.0875
-5 1 87.7733
-5 -11 44.0875
-5 -5 71.0397
-5 -15 44.0875
5 3 97.9473
-1 3 98.1258
11 3 97.9473
-3 3 96.7425
9 3 97.9473
3 3 98.0366
15 3 97.9473
-5 3 67.2468
7 -7 86.9701
7 -1 97.0549
7 -13 85.7207
7 1 97.7689
7 -11 86.7024
7 -5 89.2012
7 -15 82.954
7 3 97.9473
5 -9 86.7024
-1 -9 71.8429
11 -9 87.0593
-3 -9 44.0875
9 -9 87.1932
3 -9 85.676
15 -9 89.2459
-5 -9 44.0875
7 -9 87.104
1 -7 85.676
1 -1 91.7001
1 -13 44.0875
1 1 96.564
1 -11 71.8429
1 -5 86.6577
1 -15 44.0875
1 3 98.0812
1 -9 82.9987
5 -3 91.12
-1 -3 86.4793
11 -3 95.8501
-3 -3 85.4975
9 -3 94.8684
3 -3 89.3797
15 -3 96.9656
-5 -3 82.1062
7 -3 92.8603
1 -3 87.9518
13 -7 90.4953
13 -1 97.1888
13 -13 86.9255
13 1 97.7242
13 -11 87.104
13 -5 93.4851
13 -15 87.0593
13 3 97.9473
13 -9 88.1303
13 -3 96.6533
