5 -7 93.216
-1 -7 90.5388
5 -1 95.1578
-1 -1 94.5794
11 -7 93.72
11 -1 96.9344
5 -13 90.3322
-1 -13 85.7792
11 -13 90.4974
-3 -7 89.5224
-3 -1 94.2902
-3 -13 14.7992
5 1 97.4302
-1 1 95.0587
11 1 98.6201
-3 1 94.7942
9 -7 93.7779
9 -1 96.2816
9 -13 90.3322
9 1 98.4713
5 -11 90.4974
-1 -11 88.1259
11 -11 92.1914
-3 -11 85.7875
9 -11 90.7866
3 -7 92.2162
3 -1 94.4141
3 -13 89.4563
3 1 96.7526
3 -11 90.3404
5 -5 93.9597
-1 -5 92.2162
11 -5 93.7283
-3 -5 91.0098
9 -5 93.9762
3 -5 93.7366
15 -7 93.4969
15 -1 97.9673
15 -13 92.2492
15 1 98.4631
15 -11 93.7118
15 -5 93.6374
5 -15 89.4563
-1 -15 14.8075
11 -15 90.3322
-3 -15 14.2786
9 -15 90.4231
3 -15 88.1177
15 -15 90.3735
-5 -7 88.1507
-5 -1 93.72
-5 -13 14.2786
-5 1 94.9017
-5 -11 14.7827
-5 -5 89.6463
-5 -15 14.2786
5 3 98.9754
-1 3 97.645
11 3 98.8514
-3 3 96.5791
9 3 98.8514
3 3 98.7523
15 3 98.8514
-5 3 96.4469
7 -7 93.687
7 -1 95.6536
7 -13 90.4231
7 1 98.1243
7 -11 90.4313
7 -5 94.0836
7 -15 90.3239
7 3 98.9175
5 -9 90.8528
-1 -9 89.4811
11 -9 93.6374
-3 -9 88.1259
9 -9 93.1995
3 -9 90.5883
15 -9 93.5878
-5 -9 85.7792
7 -9 92.2079
1 -7 91.1254
1 -1 94.0506
1 -13 88.1177
1 1 95.9346
1 -11 89.4728
1 -5 93.2408
1 -15 85.7875
1 3 98.2234
1 -9 90.3735
5 -3 93.9184
-1 -3 94.0093
11 -3 94.8604
-3 -3 93.1664
9 -3 93.9679
3 -3 94.3646
15 -3 95.7445
-5 -3 91.9931
7 -3 93.6457
1 -3 94.2489
13 -7 93.6457
13 -1 97.4798
13 -13 90.7453
13 1 98.4713
13 -11 93.1829
13 -5 93.4143
13 -15 90.3322
13 3 98.8514
13 -9 93.7283
13 -3 95.3148
