5 -7 97.4565
-1 -7 96.9656
5 -1 97.6796
-1 -1 97.5011
11 -7 97.635
11 -1 97.4565
5 -13 96.9656
-1 -13 55.9125
11 -13 97.4119
-3 -7 96.3855
-3 -1 97.1441
-3 -13 55.9125
5 1 97.635
-1 1 97.5457
11 1 96.921
-3 1 97.5904
9 -7 97.5011
9 -1 97.5904
9 -13 97.2334
9 1 97.278
5 -11 97.0995
-1 -11 55.9125
11 -11 97.3226
-3 -11 55.9125
9 -11 97.4119
3 -7 97.2334
3 -1 97.5904
3 -13 96.3855
3 1 97.7242
3 -11 96.9656
5 -5 97.4565
-1 -5 97.0995
11 -5 97.6796
-3 -5 96.9656
9 -5 97.8135
3 -5 97.4565
15 -7 97.7242
15 -1 97.278
15 -13 97.4119
15 1 96.2963
15 -11 97.3672
15 -5 97.7689
5 -15 96.3855
-1 -15 55.9125
11 -15 97.2334
-3 -15 55.9125
9 -15 97.0995
3 -15 55.9125
15 -15 97.3672
-5 -7 55.9125
-5 -1 97.1441
-5 -13 55.9125
-5 1 97.2334
-5 -11 55.9125
-5 -5 96.3409
-5 -15 55.9125
5 3 97.1441
-1 3 97.6796
11 3 96.8318
-3 3 97.4565
9 3 97.0103
3 3 97.7242
15 3 96.5194
-5 3 96.9656
7 -7 97.4119
7 -1 97.7242
7 -13 97.0995
7 1 97.5904
7 -11 97.2334
7 -5 97.635
7 -15 96.9656
7 3 96.7871
5 -9 97.2334
-1 -9 96.3855
11 -9 97.4119
-3 -9 55.9125
9 -9 97.3672
3 -9 97.0995
15 -9 97.5904
-5 -9 55.9125
7 -9 97.4119
1 -7 97.0995
1 -1 97.5011
1 -13 55.9125
1 1 97.5457
1 -11 96.3855
1 -5 97.3226
1 -15 55.9125
1 3 97.7689
1 -9 96.9656
5 -3 97.7242
-1 -3 97.3226
11 -3 97.6796
-3 -3 97.1888
9 -3 97.6796
3 -3 97.635
15 -3 97.635
-5 -3 96.9656
7 -3 97.6796
1 -3 97.4565
13 -7 97.8135
13 -1 97.3226
13 -13 97.3226
13 1 96.7871
13 -11 97.4119
13 -5 97.635
13 -15 97.4565
13 3 96.6533
13 -9 97.5011
13 -3 97.7689
