5 -7 96.2816
-1 -7 95.9428
5 -1 96.6369
-1 -1 96.4882
11 -7 96.5047
11 -1 96.7691
5 -13 95.9346
-1 -13 85.7214
11 -13 96.2899
-3 -7 85.7214
-3 -1 96.389
-3 -13 85.7214
5 1 97.0253
-1 1 96.5708
11 1 97.4054
-3 1 96.4964
9 -7 96.4303
9 -1 96.7278
9 -13 96.2403
9 1 97.2236
5 -11 96.1494
-1 -11 85.7214
11 -11 96.356
-3 -11 85.7214
9 -11 96.2899
3 -7 96.2486
3 -1 96.5791
3 -13 85.7214
3 1 96.8435
3 -11 95.9346
5 -5 96.4386
-1 -5 96.1742
11 -5 96.5626
-3 -5 95.9428
9 -5 96.5295
3 -5 96.3229
15 -7 96.5708
15 -1 97.0418
15 -13 96.3229
15 1 97.6781
15 -11 96.3477
15 -5 96.6369
5 -15 85.7214
-1 -15 85.7214
11 -15 96.2403
-3 -15 85.7214
9 -15 96.1494
3 -15 85.7214
15 -15 96.3394
-5 -7 85.7214
-5 -1 96.1824
-5 -13 85.7214
-5 1 96.3477
-5 -11 85.7214
-5 -5 85.7214
-5 -15 85.7214
5 3 97.6698
-1 3 97.0501
11 3 97.8433
-3 3 96.8683
9 3 97.8681
3 3 97.6202
15 3 97.8185
-5 3 96.4964
7 -7 96.3477
7 -1 96.6534
7 -13 96.1494
7 1 97.1658
7 -11 96.2403
7 -5 96.5295
7 -15 95.9263
7 3 97.7607
5 -9 96.2486
-1 -9 85.7214
11 -9 96.3477
-3 -9 85.7214
9 -9 96.3312
3 -9 96.1494
15 -9 96.513
-5 -9 85.7214
7 -9 96.2899
1 -7 96.1494
1 -1 96.5791
1 -13 85.7214
1 1 96.6865
1 -11 85.7214
1 -5 96.2899
1 -15 85.7214
1 3 97.3393
1 -9 95.9346
5 -3 96.5708
-1 -3 96.3808
11 -3 96.6121
-3 -3 96.1824
9 -3 96.6121
3 -3 96.546
15 -3 96.67
-5 -3 95.9511
7 -3 96.5626
1 -3 96.4138
13 -7 96.5873
13 -1 96.8765
13 -13 96.3394
13 1 97.5459
13 -11 96.356
13 -5 96.5873
13 -15 96.2899
13 3 97.8681
13 -9 96.4303
13 -3 96.6121
